This is pdfTeX, Version 3.14159265-2.6-1.40.18 (TeX Live 2017) (preloaded format=pdflatex 2017.5.23)  12 JUL 2018 16:35
entering extended mode
 restricted \write18 enabled.
 file:line:error style messages enabled.
 %&-line parsing enabled.
**implicit_reg_slides.tex
(./implicit_reg_slides.tex
LaTeX2e <2017-04-15>
Babel <3.10> and hyphenation patterns for 84 language(s) loaded.
(/usr/local/texlive/2017/texmf-dist/tex/latex/beamer/beamer.cls
Document Class: beamer 2017/01/23 v3.41 A class for typesetting presentations
(/usr/local/texlive/2017/texmf-dist/tex/latex/etoolbox/etoolbox.sty
Package: etoolbox 2017/01/02 v2.4 e-TeX tools for LaTeX (JAW)
\etb@tempcnta=\count79
)
(/usr/local/texlive/2017/texmf-dist/tex/latex/beamer/beamerbasemodes.sty
\beamer@tempbox=\box26
\beamer@tempcount=\count80
\c@beamerpauses=\count81

(/usr/local/texlive/2017/texmf-dist/tex/latex/beamer/beamerbasedecode.sty
\beamer@slideinframe=\count82
\beamer@minimum=\count83
)
\beamer@commentbox=\box27
\beamer@modecount=\count84
)
(/usr/local/texlive/2017/texmf-dist/tex/generic/oberdiek/ifpdf.sty
Package: ifpdf 2017/03/15 v3.2 Provides the ifpdf switch
)
\headheight=\dimen102
\headdp=\dimen103
\footheight=\dimen104
\sidebarheight=\dimen105
\beamer@tempdim=\dimen106
\beamer@finalheight=\dimen107
\beamer@animht=\dimen108
\beamer@animdp=\dimen109
\beamer@animwd=\dimen110
\beamer@leftmargin=\dimen111
\beamer@rightmargin=\dimen112
\beamer@leftsidebar=\dimen113
\beamer@rightsidebar=\dimen114
\beamer@boxsize=\dimen115
\beamer@vboxoffset=\dimen116
\beamer@descdefault=\dimen117
\beamer@descriptionwidth=\dimen118
\beamer@lastskip=\skip41
\beamer@areabox=\box28
\beamer@animcurrent=\box29
\beamer@animshowbox=\box30
\beamer@sectionbox=\box31
\beamer@logobox=\box32
\beamer@linebox=\box33
\beamer@sectioncount=\count85
\beamer@subsubsectionmax=\count86
\beamer@subsectionmax=\count87
\beamer@sectionmax=\count88
\beamer@totalheads=\count89
\beamer@headcounter=\count90
\beamer@partstartpage=\count91
\beamer@sectionstartpage=\count92
\beamer@subsectionstartpage=\count93
\beamer@animationtempa=\count94
\beamer@animationtempb=\count95
\beamer@xpos=\count96
\beamer@ypos=\count97
\beamer@showpartnumber=\count98
\beamer@currentsubsection=\count99
\beamer@coveringdepth=\count100
\beamer@sectionadjust=\count101
\beamer@tocsectionnumber=\count102

(/usr/local/texlive/2017/texmf-dist/tex/latex/beamer/beamerbaseoptions.sty
(/usr/local/texlive/2017/texmf-dist/tex/latex/graphics/keyval.sty
Package: keyval 2014/10/28 v1.15 key=value parser (DPC)
\KV@toks@=\toks14
))
\beamer@paperwidth=\skip42
\beamer@paperheight=\skip43

(/usr/local/texlive/2017/texmf-dist/tex/latex/geometry/geometry.sty
Package: geometry 2010/09/12 v5.6 Page Geometry

(/usr/local/texlive/2017/texmf-dist/tex/generic/oberdiek/ifvtex.sty
Package: ifvtex 2016/05/16 v1.6 Detect VTeX and its facilities (HO)
Package ifvtex Info: VTeX not detected.
)
(/usr/local/texlive/2017/texmf-dist/tex/generic/ifxetex/ifxetex.sty
Package: ifxetex 2010/09/12 v0.6 Provides ifxetex conditional
)
\Gm@cnth=\count103
\Gm@cntv=\count104
\c@Gm@tempcnt=\count105
\Gm@bindingoffset=\dimen119
\Gm@wd@mp=\dimen120
\Gm@odd@mp=\dimen121
\Gm@even@mp=\dimen122
\Gm@layoutwidth=\dimen123
\Gm@layoutheight=\dimen124
\Gm@layouthoffset=\dimen125
\Gm@layoutvoffset=\dimen126
\Gm@dimlist=\toks15
)

Class beamer Warning: ``mathserif'' is obsolete. Use font theme ``serif'' with 
option ``onlymath'' on input line 350.

(/usr/local/texlive/2017/texmf-dist/tex/latex/base/size11.clo
File: size11.clo 2014/09/29 v1.4h Standard LaTeX file (size option)
)
(/usr/local/texlive/2017/texmf-dist/tex/latex/pgf/basiclayer/pgfcore.sty
(/usr/local/texlive/2017/texmf-dist/tex/latex/graphics/graphicx.sty
Package: graphicx 2014/10/28 v1.0g Enhanced LaTeX Graphics (DPC,SPQR)

(/usr/local/texlive/2017/texmf-dist/tex/latex/graphics/graphics.sty
Package: graphics 2017/04/14 v1.1b Standard LaTeX Graphics (DPC,SPQR)

(/usr/local/texlive/2017/texmf-dist/tex/latex/graphics/trig.sty
Package: trig 2016/01/03 v1.10 sin cos tan (DPC)
)
(/usr/local/texlive/2017/texmf-dist/tex/latex/graphics-cfg/graphics.cfg
File: graphics.cfg 2016/06/04 v1.11 sample graphics configuration
)
Package graphics Info: Driver file: pdftex.def on input line 99.

(/usr/local/texlive/2017/texmf-dist/tex/latex/graphics-def/pdftex.def
File: pdftex.def 2017/01/12 v0.06k Graphics/color for pdfTeX

(/usr/local/texlive/2017/texmf-dist/tex/generic/oberdiek/infwarerr.sty
Package: infwarerr 2016/05/16 v1.4 Providing info/warning/error messages (HO)
)
(/usr/local/texlive/2017/texmf-dist/tex/generic/oberdiek/ltxcmds.sty
Package: ltxcmds 2016/05/16 v1.23 LaTeX kernel commands for general use (HO)
)
\Gread@gobject=\count106
))
\Gin@req@height=\dimen127
\Gin@req@width=\dimen128
)
(/usr/local/texlive/2017/texmf-dist/tex/latex/pgf/systemlayer/pgfsys.sty
(/usr/local/texlive/2017/texmf-dist/tex/latex/pgf/utilities/pgfrcs.sty
(/usr/local/texlive/2017/texmf-dist/tex/generic/pgf/utilities/pgfutil-common.te
x
\pgfutil@everybye=\toks16
\pgfutil@tempdima=\dimen129
\pgfutil@tempdimb=\dimen130

(/usr/local/texlive/2017/texmf-dist/tex/generic/pgf/utilities/pgfutil-common-li
sts.tex))
(/usr/local/texlive/2017/texmf-dist/tex/generic/pgf/utilities/pgfutil-latex.def
\pgfutil@abb=\box34
(/usr/local/texlive/2017/texmf-dist/tex/latex/ms/everyshi.sty
Package: everyshi 2001/05/15 v3.00 EveryShipout Package (MS)
))
(/usr/local/texlive/2017/texmf-dist/tex/generic/pgf/utilities/pgfrcs.code.tex
Package: pgfrcs 2015/08/07 v3.0.1a (rcs-revision 1.31)
))
(/usr/local/texlive/2017/texmf-dist/tex/generic/pgf/systemlayer/pgfsys.code.tex
Package: pgfsys 2014/07/09 v3.0.1a (rcs-revision 1.48)
(/usr/local/texlive/2017/texmf-dist/tex/generic/pgf/utilities/pgfkeys.code.tex
\pgfkeys@pathtoks=\toks17
\pgfkeys@temptoks=\toks18

(/usr/local/texlive/2017/texmf-dist/tex/generic/pgf/utilities/pgfkeysfiltered.c
ode.tex
\pgfkeys@tmptoks=\toks19
))
\pgf@x=\dimen131
\pgf@y=\dimen132
\pgf@xa=\dimen133
\pgf@ya=\dimen134
\pgf@xb=\dimen135
\pgf@yb=\dimen136
\pgf@xc=\dimen137
\pgf@yc=\dimen138
\w@pgf@writea=\write3
\r@pgf@reada=\read1
\c@pgf@counta=\count107
\c@pgf@countb=\count108
\c@pgf@countc=\count109
\c@pgf@countd=\count110
\t@pgf@toka=\toks20
\t@pgf@tokb=\toks21
\t@pgf@tokc=\toks22

(/usr/local/texlive/2017/texmf-dist/tex/generic/pgf/systemlayer/pgf.cfg
File: pgf.cfg 2008/05/14  (rcs-revision 1.7)
)
Driver file for pgf: pgfsys-pdftex.def

(/usr/local/texlive/2017/texmf-dist/tex/generic/pgf/systemlayer/pgfsys-pdftex.d
ef
File: pgfsys-pdftex.def 2014/10/11  (rcs-revision 1.35)

(/usr/local/texlive/2017/texmf-dist/tex/generic/pgf/systemlayer/pgfsys-common-p
df.def
File: pgfsys-common-pdf.def 2013/10/10  (rcs-revision 1.13)
)))
(/usr/local/texlive/2017/texmf-dist/tex/generic/pgf/systemlayer/pgfsyssoftpath.
code.tex
File: pgfsyssoftpath.code.tex 2013/09/09  (rcs-revision 1.9)
\pgfsyssoftpath@smallbuffer@items=\count111
\pgfsyssoftpath@bigbuffer@items=\count112
)
(/usr/local/texlive/2017/texmf-dist/tex/generic/pgf/systemlayer/pgfsysprotocol.
code.tex
File: pgfsysprotocol.code.tex 2006/10/16  (rcs-revision 1.4)
)) (/usr/local/texlive/2017/texmf-dist/tex/latex/xcolor/xcolor.sty
Package: xcolor 2016/05/11 v2.12 LaTeX color extensions (UK)

(/usr/local/texlive/2017/texmf-dist/tex/latex/graphics-cfg/color.cfg
File: color.cfg 2016/01/02 v1.6 sample color configuration
)
Package xcolor Info: Driver file: pdftex.def on input line 225.
Package xcolor Info: Model `cmy' substituted by `cmy0' on input line 1348.
Package xcolor Info: Model `hsb' substituted by `rgb' on input line 1352.
Package xcolor Info: Model `RGB' extended on input line 1364.
Package xcolor Info: Model `HTML' substituted by `rgb' on input line 1366.
Package xcolor Info: Model `Hsb' substituted by `hsb' on input line 1367.
Package xcolor Info: Model `tHsb' substituted by `hsb' on input line 1368.
Package xcolor Info: Model `HSB' substituted by `hsb' on input line 1369.
Package xcolor Info: Model `Gray' substituted by `gray' on input line 1370.
Package xcolor Info: Model `wave' substituted by `hsb' on input line 1371.
)
(/usr/local/texlive/2017/texmf-dist/tex/generic/pgf/basiclayer/pgfcore.code.tex
Package: pgfcore 2010/04/11 v3.0.1a (rcs-revision 1.7)
(/usr/local/texlive/2017/texmf-dist/tex/generic/pgf/math/pgfmath.code.tex
(/usr/local/texlive/2017/texmf-dist/tex/generic/pgf/math/pgfmathcalc.code.tex
(/usr/local/texlive/2017/texmf-dist/tex/generic/pgf/math/pgfmathutil.code.tex)
(/usr/local/texlive/2017/texmf-dist/tex/generic/pgf/math/pgfmathparser.code.tex
\pgfmath@dimen=\dimen139
\pgfmath@count=\count113
\pgfmath@box=\box35
\pgfmath@toks=\toks23
\pgfmath@stack@operand=\toks24
\pgfmath@stack@operation=\toks25
)
(/usr/local/texlive/2017/texmf-dist/tex/generic/pgf/math/pgfmathfunctions.code.
tex
(/usr/local/texlive/2017/texmf-dist/tex/generic/pgf/math/pgfmathfunctions.basic
.code.tex)
(/usr/local/texlive/2017/texmf-dist/tex/generic/pgf/math/pgfmathfunctions.trigo
nometric.code.tex)
(/usr/local/texlive/2017/texmf-dist/tex/generic/pgf/math/pgfmathfunctions.rando
m.code.tex)
(/usr/local/texlive/2017/texmf-dist/tex/generic/pgf/math/pgfmathfunctions.compa
rison.code.tex)
(/usr/local/texlive/2017/texmf-dist/tex/generic/pgf/math/pgfmathfunctions.base.
code.tex)
(/usr/local/texlive/2017/texmf-dist/tex/generic/pgf/math/pgfmathfunctions.round
.code.tex)
(/usr/local/texlive/2017/texmf-dist/tex/generic/pgf/math/pgfmathfunctions.misc.
code.tex)
(/usr/local/texlive/2017/texmf-dist/tex/generic/pgf/math/pgfmathfunctions.integ
erarithmetics.code.tex)))
(/usr/local/texlive/2017/texmf-dist/tex/generic/pgf/math/pgfmathfloat.code.tex
\c@pgfmathroundto@lastzeros=\count114
))
(/usr/local/texlive/2017/texmf-dist/tex/generic/pgf/basiclayer/pgfcorepoints.co
de.tex
File: pgfcorepoints.code.tex 2013/10/07  (rcs-revision 1.27)
\pgf@picminx=\dimen140
\pgf@picmaxx=\dimen141
\pgf@picminy=\dimen142
\pgf@picmaxy=\dimen143
\pgf@pathminx=\dimen144
\pgf@pathmaxx=\dimen145
\pgf@pathminy=\dimen146
\pgf@pathmaxy=\dimen147
\pgf@xx=\dimen148
\pgf@xy=\dimen149
\pgf@yx=\dimen150
\pgf@yy=\dimen151
\pgf@zx=\dimen152
\pgf@zy=\dimen153
)
(/usr/local/texlive/2017/texmf-dist/tex/generic/pgf/basiclayer/pgfcorepathconst
ruct.code.tex
File: pgfcorepathconstruct.code.tex 2013/10/07  (rcs-revision 1.29)
\pgf@path@lastx=\dimen154
\pgf@path@lasty=\dimen155
)
(/usr/local/texlive/2017/texmf-dist/tex/generic/pgf/basiclayer/pgfcorepathusage
.code.tex
File: pgfcorepathusage.code.tex 2014/11/02  (rcs-revision 1.24)
\pgf@shorten@end@additional=\dimen156
\pgf@shorten@start@additional=\dimen157
)
(/usr/local/texlive/2017/texmf-dist/tex/generic/pgf/basiclayer/pgfcorescopes.co
de.tex
File: pgfcorescopes.code.tex 2015/05/08  (rcs-revision 1.46)
\pgfpic=\box36
\pgf@hbox=\box37
\pgf@layerbox@main=\box38
\pgf@picture@serial@count=\count115
)
(/usr/local/texlive/2017/texmf-dist/tex/generic/pgf/basiclayer/pgfcoregraphicst
ate.code.tex
File: pgfcoregraphicstate.code.tex 2014/11/02  (rcs-revision 1.12)
\pgflinewidth=\dimen158
)
(/usr/local/texlive/2017/texmf-dist/tex/generic/pgf/basiclayer/pgfcoretransform
ations.code.tex
File: pgfcoretransformations.code.tex 2015/08/07  (rcs-revision 1.20)
\pgf@pt@x=\dimen159
\pgf@pt@y=\dimen160
\pgf@pt@temp=\dimen161
)
(/usr/local/texlive/2017/texmf-dist/tex/generic/pgf/basiclayer/pgfcorequick.cod
e.tex
File: pgfcorequick.code.tex 2008/10/09  (rcs-revision 1.3)
)
(/usr/local/texlive/2017/texmf-dist/tex/generic/pgf/basiclayer/pgfcoreobjects.c
ode.tex
File: pgfcoreobjects.code.tex 2006/10/11  (rcs-revision 1.2)
)
(/usr/local/texlive/2017/texmf-dist/tex/generic/pgf/basiclayer/pgfcorepathproce
ssing.code.tex
File: pgfcorepathprocessing.code.tex 2013/09/09  (rcs-revision 1.9)
)
(/usr/local/texlive/2017/texmf-dist/tex/generic/pgf/basiclayer/pgfcorearrows.co
de.tex
File: pgfcorearrows.code.tex 2015/05/14  (rcs-revision 1.43)
\pgfarrowsep=\dimen162
)
(/usr/local/texlive/2017/texmf-dist/tex/generic/pgf/basiclayer/pgfcoreshade.cod
e.tex
File: pgfcoreshade.code.tex 2013/07/15  (rcs-revision 1.15)
\pgf@max=\dimen163
\pgf@sys@shading@range@num=\count116
)
(/usr/local/texlive/2017/texmf-dist/tex/generic/pgf/basiclayer/pgfcoreimage.cod
e.tex
File: pgfcoreimage.code.tex 2013/07/15  (rcs-revision 1.18)

(/usr/local/texlive/2017/texmf-dist/tex/generic/pgf/basiclayer/pgfcoreexternal.
code.tex
File: pgfcoreexternal.code.tex 2014/07/09  (rcs-revision 1.21)
\pgfexternal@startupbox=\box39
))
(/usr/local/texlive/2017/texmf-dist/tex/generic/pgf/basiclayer/pgfcorelayers.co
de.tex
File: pgfcorelayers.code.tex 2013/07/18  (rcs-revision 1.7)
)
(/usr/local/texlive/2017/texmf-dist/tex/generic/pgf/basiclayer/pgfcoretranspare
ncy.code.tex
File: pgfcoretransparency.code.tex 2013/09/30  (rcs-revision 1.5)
)
(/usr/local/texlive/2017/texmf-dist/tex/generic/pgf/basiclayer/pgfcorepatterns.
code.tex
File: pgfcorepatterns.code.tex 2013/11/07  (rcs-revision 1.5)
)))
(/usr/local/texlive/2017/texmf-dist/tex/latex/pgf/utilities/xxcolor.sty
Package: xxcolor 2003/10/24 ver 0.1
\XC@nummixins=\count117
\XC@countmixins=\count118
)
(/usr/local/texlive/2017/texmf-dist/tex/generic/oberdiek/atbegshi.sty
Package: atbegshi 2016/06/09 v1.18 At begin shipout hook (HO)
)
(/usr/local/texlive/2017/texmf-dist/tex/latex/hyperref/hyperref.sty
Package: hyperref 2017/03/14 v6.85a Hypertext links for LaTeX

(/usr/local/texlive/2017/texmf-dist/tex/generic/oberdiek/hobsub-hyperref.sty
Package: hobsub-hyperref 2016/05/16 v1.14 Bundle oberdiek, subset hyperref (HO)


(/usr/local/texlive/2017/texmf-dist/tex/generic/oberdiek/hobsub-generic.sty
Package: hobsub-generic 2016/05/16 v1.14 Bundle oberdiek, subset generic (HO)
Package: hobsub 2016/05/16 v1.14 Construct package bundles (HO)
Package hobsub Info: Skipping package `infwarerr' (already loaded).
Package hobsub Info: Skipping package `ltxcmds' (already loaded).
Package: ifluatex 2016/05/16 v1.4 Provides the ifluatex switch (HO)
Package ifluatex Info: LuaTeX not detected.
Package hobsub Info: Skipping package `ifvtex' (already loaded).
Package: intcalc 2016/05/16 v1.2 Expandable calculations with integers (HO)
Package hobsub Info: Skipping package `ifpdf' (already loaded).
Package: etexcmds 2016/05/16 v1.6 Avoid name clashes with e-TeX commands (HO)
Package etexcmds Info: Could not find \expanded.
(etexcmds)             That can mean that you are not using pdfTeX 1.50 or
(etexcmds)             that some package has redefined \expanded.
(etexcmds)             In the latter case, load this package earlier.
Package: kvsetkeys 2016/05/16 v1.17 Key value parser (HO)
Package: kvdefinekeys 2016/05/16 v1.4 Define keys (HO)
Package: pdftexcmds 2017/03/19 v0.25 Utility functions of pdfTeX for LuaTeX (HO
)
Package pdftexcmds Info: LuaTeX not detected.
Package pdftexcmds Info: \pdf@primitive is available.
Package pdftexcmds Info: \pdf@ifprimitive is available.
Package pdftexcmds Info: \pdfdraftmode found.
Package: pdfescape 2016/05/16 v1.14 Implements pdfTeX's escape features (HO)
Package: bigintcalc 2016/05/16 v1.4 Expandable calculations on big integers (HO
)
Package: bitset 2016/05/16 v1.2 Handle bit-vector datatype (HO)
Package: uniquecounter 2016/05/16 v1.3 Provide unlimited unique counter (HO)
)
Package hobsub Info: Skipping package `hobsub' (already loaded).
Package: letltxmacro 2016/05/16 v1.5 Let assignment for LaTeX macros (HO)
Package: hopatch 2016/05/16 v1.3 Wrapper for package hooks (HO)
Package: xcolor-patch 2016/05/16 xcolor patch
Package: atveryend 2016/05/16 v1.9 Hooks at the very end of document (HO)
Package hobsub Info: Skipping package `atbegshi' (already loaded).
Package: refcount 2016/05/16 v3.5 Data extraction from label references (HO)
Package: hycolor 2016/05/16 v1.8 Color options for hyperref/bookmark (HO)
)
(/usr/local/texlive/2017/texmf-dist/tex/latex/oberdiek/auxhook.sty
Package: auxhook 2016/05/16 v1.4 Hooks for auxiliary files (HO)
)
(/usr/local/texlive/2017/texmf-dist/tex/latex/oberdiek/kvoptions.sty
Package: kvoptions 2016/05/16 v3.12 Key value format for package options (HO)
)
\@linkdim=\dimen164
\Hy@linkcounter=\count119
\Hy@pagecounter=\count120

(/usr/local/texlive/2017/texmf-dist/tex/latex/hyperref/pd1enc.def
File: pd1enc.def 2017/03/14 v6.85a Hyperref: PDFDocEncoding definition (HO)
)
\Hy@SavedSpaceFactor=\count121

(/usr/local/texlive/2017/texmf-dist/tex/latex/latexconfig/hyperref.cfg
File: hyperref.cfg 2002/06/06 v1.2 hyperref configuration of TeXLive
)
Package hyperref Info: Option `bookmarks' set `true' on input line 4374.
Package hyperref Info: Option `bookmarksopen' set `true' on input line 4374.
Package hyperref Info: Option `implicit' set `false' on input line 4374.
Package hyperref Info: Hyper figures OFF on input line 4498.
Package hyperref Info: Link nesting OFF on input line 4503.
Package hyperref Info: Hyper index ON on input line 4506.
Package hyperref Info: Plain pages OFF on input line 4513.
Package hyperref Info: Backreferencing OFF on input line 4518.
Package hyperref Info: Implicit mode OFF; no redefinition of LaTeX internals.
Package hyperref Info: Bookmarks ON on input line 4751.
\c@Hy@tempcnt=\count122

(/usr/local/texlive/2017/texmf-dist/tex/latex/url/url.sty
\Urlmuskip=\muskip10
Package: url 2013/09/16  ver 3.4  Verb mode for urls, etc.
)
LaTeX Info: Redefining \url on input line 5104.
\XeTeXLinkMargin=\dimen165
\Fld@menulength=\count123
\Field@Width=\dimen166
\Fld@charsize=\dimen167
Package hyperref Info: Hyper figures OFF on input line 6358.
Package hyperref Info: Link nesting OFF on input line 6363.
Package hyperref Info: Hyper index ON on input line 6366.
Package hyperref Info: backreferencing OFF on input line 6373.
Package hyperref Info: Link coloring OFF on input line 6378.
Package hyperref Info: Link coloring with OCG OFF on input line 6383.
Package hyperref Info: PDF/A mode OFF on input line 6388.
LaTeX Info: Redefining \ref on input line 6428.
LaTeX Info: Redefining \pageref on input line 6432.
\Hy@abspage=\count124


Package hyperref Message: Stopped early.

)

Package hyperref Message: Driver (autodetected): hpdftex.

(/usr/local/texlive/2017/texmf-dist/tex/latex/hyperref/hpdftex.def
File: hpdftex.def 2017/03/14 v6.85a Hyperref driver for pdfTeX
\Fld@listcount=\count125
\c@bookmark@seq@number=\count126

(/usr/local/texlive/2017/texmf-dist/tex/latex/oberdiek/rerunfilecheck.sty
Package: rerunfilecheck 2016/05/16 v1.8 Rerun checks for auxiliary files (HO)
Package uniquecounter Info: New unique counter `rerunfilecheck' on input line 2
82.
))
(/usr/local/texlive/2017/texmf-dist/tex/latex/beamer/beamerbaserequires.sty
(/usr/local/texlive/2017/texmf-dist/tex/latex/beamer/beamerbasecompatibility.st
y) (/usr/local/texlive/2017/texmf-dist/tex/latex/beamer/beamerbasefont.sty
(/usr/local/texlive/2017/texmf-dist/tex/latex/amsfonts/amssymb.sty
Package: amssymb 2013/01/14 v3.01 AMS font symbols

(/usr/local/texlive/2017/texmf-dist/tex/latex/amsfonts/amsfonts.sty
Package: amsfonts 2013/01/14 v3.01 Basic AMSFonts support
\@emptytoks=\toks26
\symAMSa=\mathgroup4
\symAMSb=\mathgroup5
LaTeX Font Info:    Overwriting math alphabet `\mathfrak' in version `bold'
(Font)                  U/euf/m/n --> U/euf/b/n on input line 106.
)))
(/usr/local/texlive/2017/texmf-dist/tex/latex/beamer/beamerbasetranslator.sty
(/usr/local/texlive/2017/texmf-dist/tex/latex/beamer/translator/translator.sty
Package: translator 2010/06/12 ver 1.10

(/usr/local/texlive/2017/texmf-dist/tex/latex/beamer/translator/translator-lang
uage-mappings.tex)))
(/usr/local/texlive/2017/texmf-dist/tex/latex/beamer/beamerbasemisc.sty)
(/usr/local/texlive/2017/texmf-dist/tex/latex/beamer/beamerbasetwoscreens.sty)
(/usr/local/texlive/2017/texmf-dist/tex/latex/beamer/beamerbaseoverlay.sty
\beamer@argscount=\count127
\beamer@lastskipcover=\skip44
\beamer@trivlistdepth=\count128
)
(/usr/local/texlive/2017/texmf-dist/tex/latex/beamer/beamerbasetitle.sty)
(/usr/local/texlive/2017/texmf-dist/tex/latex/beamer/beamerbasesection.sty
\c@lecture=\count129
\c@part=\count130
\c@section=\count131
\c@subsection=\count132
\c@subsubsection=\count133
)
(/usr/local/texlive/2017/texmf-dist/tex/latex/beamer/beamerbaseframe.sty
\beamer@framebox=\box40
\beamer@frametitlebox=\box41
\beamer@zoombox=\box42
\beamer@zoomcount=\count134
\beamer@zoomframecount=\count135
\beamer@frametextheight=\dimen168
\c@subsectionslide=\count136
\beamer@frametopskip=\skip45
\beamer@framebottomskip=\skip46
\beamer@frametopskipautobreak=\skip47
\beamer@framebottomskipautobreak=\skip48
\beamer@envbody=\toks27
\framewidth=\dimen169
\c@framenumber=\count137
)
(/usr/local/texlive/2017/texmf-dist/tex/latex/beamer/beamerbaseverbatim.sty
\beamer@verbatimfileout=\write4
)
(/usr/local/texlive/2017/texmf-dist/tex/latex/beamer/beamerbaseframesize.sty
\beamer@splitbox=\box43
\beamer@autobreakcount=\count138
\beamer@autobreaklastheight=\dimen170
\beamer@frametitletoks=\toks28
\beamer@framesubtitletoks=\toks29
)
(/usr/local/texlive/2017/texmf-dist/tex/latex/beamer/beamerbaseframecomponents.
sty
\beamer@footins=\box44
) (/usr/local/texlive/2017/texmf-dist/tex/latex/beamer/beamerbasecolor.sty)
(/usr/local/texlive/2017/texmf-dist/tex/latex/beamer/beamerbasenotes.sty
\beamer@frameboxcopy=\box45
)
(/usr/local/texlive/2017/texmf-dist/tex/latex/beamer/beamerbasetoc.sty)
(/usr/local/texlive/2017/texmf-dist/tex/latex/beamer/beamerbasetemplates.sty
\beamer@sbttoks=\toks30

(/usr/local/texlive/2017/texmf-dist/tex/latex/beamer/beamerbaseauxtemplates.sty
(/usr/local/texlive/2017/texmf-dist/tex/latex/beamer/beamerbaseboxes.sty
\bmb@box=\box46
\bmb@colorbox=\box47
\bmb@boxshadow=\box48
\bmb@boxshadowball=\box49
\bmb@boxshadowballlarge=\box50
\bmb@temp=\dimen171
\bmb@dima=\dimen172
\bmb@dimb=\dimen173
\bmb@prevheight=\dimen174
)
\beamer@blockheadheight=\dimen175
))
(/usr/local/texlive/2017/texmf-dist/tex/latex/beamer/beamerbaselocalstructure.s
ty (/usr/local/texlive/2017/texmf-dist/tex/latex/tools/enumerate.sty
Package: enumerate 2015/07/23 v3.00 enumerate extensions (DPC)
\@enLab=\toks31
)
\c@figure=\count139
\c@table=\count140
\abovecaptionskip=\skip49
\belowcaptionskip=\skip50
)
(/usr/local/texlive/2017/texmf-dist/tex/latex/beamer/beamerbasenavigation.sty
\beamer@section@min@dim=\dimen176
)
(/usr/local/texlive/2017/texmf-dist/tex/latex/beamer/beamerbasetheorems.sty
(/usr/local/texlive/2017/texmf-dist/tex/latex/amsmath/amsmath.sty
Package: amsmath 2016/11/05 v2.16a AMS math features
\@mathmargin=\skip51

For additional information on amsmath, use the `?' option.
(/usr/local/texlive/2017/texmf-dist/tex/latex/amsmath/amstext.sty
Package: amstext 2000/06/29 v2.01 AMS text

(/usr/local/texlive/2017/texmf-dist/tex/latex/amsmath/amsgen.sty
File: amsgen.sty 1999/11/30 v2.0 generic functions
\@emptytoks=\toks32
\ex@=\dimen177
))
(/usr/local/texlive/2017/texmf-dist/tex/latex/amsmath/amsbsy.sty
Package: amsbsy 1999/11/29 v1.2d Bold Symbols
\pmbraise@=\dimen178
)
(/usr/local/texlive/2017/texmf-dist/tex/latex/amsmath/amsopn.sty
Package: amsopn 2016/03/08 v2.02 operator names
)
\inf@bad=\count141
LaTeX Info: Redefining \frac on input line 213.
\uproot@=\count142
\leftroot@=\count143
LaTeX Info: Redefining \overline on input line 375.
\classnum@=\count144
\DOTSCASE@=\count145
LaTeX Info: Redefining \ldots on input line 472.
LaTeX Info: Redefining \dots on input line 475.
LaTeX Info: Redefining \cdots on input line 596.
\Mathstrutbox@=\box51
\strutbox@=\box52
\big@size=\dimen179
LaTeX Font Info:    Redeclaring font encoding OML on input line 712.
LaTeX Font Info:    Redeclaring font encoding OMS on input line 713.
\macc@depth=\count146
\c@MaxMatrixCols=\count147
\dotsspace@=\muskip11
\c@parentequation=\count148
\dspbrk@lvl=\count149
\tag@help=\toks33
\row@=\count150
\column@=\count151
\maxfields@=\count152
\andhelp@=\toks34
\eqnshift@=\dimen180
\alignsep@=\dimen181
\tagshift@=\dimen182
\tagwidth@=\dimen183
\totwidth@=\dimen184
\lineht@=\dimen185
\@envbody=\toks35
\multlinegap=\skip52
\multlinetaggap=\skip53
\mathdisplay@stack=\toks36
LaTeX Info: Redefining \[ on input line 2817.
LaTeX Info: Redefining \] on input line 2818.
)
(/usr/local/texlive/2017/texmf-dist/tex/latex/amscls/amsthm.sty
Package: amsthm 2015/03/04 v2.20.2
\thm@style=\toks37
\thm@bodyfont=\toks38
\thm@headfont=\toks39
\thm@notefont=\toks40
\thm@headpunct=\toks41
\thm@preskip=\skip54
\thm@postskip=\skip55
\thm@headsep=\skip56
\dth@everypar=\toks42
)
\c@theorem=\count153
)
(/usr/local/texlive/2017/texmf-dist/tex/latex/beamer/beamerbasethemes.sty))
(/usr/local/texlive/2017/texmf-dist/tex/latex/beamer/themes/theme/beamerthemede
fault.sty
(/usr/local/texlive/2017/texmf-dist/tex/latex/beamer/themes/font/beamerfontthem
edefault.sty)
(/usr/local/texlive/2017/texmf-dist/tex/latex/beamer/themes/color/beamercolorth
emedefault.sty)
(/usr/local/texlive/2017/texmf-dist/tex/latex/beamer/themes/inner/beamerinnerth
emedefault.sty
pdfTeX warning (Object streams): \pdfobjcompresslevel > 0 requires \pdfminorver
sion > 4. Object streams disabled now.
\beamer@dima=\dimen186
\beamer@dimb=\dimen187
)
(/usr/local/texlive/2017/texmf-dist/tex/latex/beamer/themes/outer/beamerouterth
emedefault.sty))) (./lec_style.tex
(/usr/local/texlive/2017/texmf-dist/tex/latex/tools/bm.sty
Package: bm 2017/01/16 v1.2c Bold Symbol Support (DPC/FMi)
\symboldoperators=\mathgroup6
\symboldletters=\mathgroup7
\symboldsymbols=\mathgroup8
LaTeX Font Info:    Redeclaring math alphabet \mathbf on input line 141.
LaTeX Info: Redefining \bm on input line 207.
)
(/usr/local/texlive/2017/texmf-dist/tex/latex/bbm-macros/bbm.sty
Package: bbm 1999/03/15 V 1.2 provides fonts for set symbols - TH
LaTeX Font Info:    Overwriting math alphabet `\mathbbm' in version `bold'
(Font)                  U/bbm/m/n --> U/bbm/bx/n on input line 33.
LaTeX Font Info:    Overwriting math alphabet `\mathbbmss' in version `bold'
(Font)                  U/bbmss/m/n --> U/bbmss/bx/n on input line 35.
)
(/usr/local/texlive/2017/texmf-dist/tex/latex/comment/comment.sty
\CommentStream=\write5

Excluding comment 'comment')
(/usr/local/texlive/2017/texmf-dist/tex/latex/base/latexsym.sty
Package: latexsym 1998/08/17 v2.2e Standard LaTeX package (lasy symbols)
\symlasy=\mathgroup9
LaTeX Font Info:    Overwriting symbol font `lasy' in version `bold'
(Font)                  U/lasy/m/n --> U/lasy/b/n on input line 52.
)
(/usr/local/texlive/2017/texmf-dist/tex/latex/tools/tabularx.sty
Package: tabularx 2016/02/03 v2.11 `tabularx' package (DPC)

(/usr/local/texlive/2017/texmf-dist/tex/latex/tools/array.sty
Package: array 2016/10/06 v2.4d Tabular extension package (FMi)
\col@sep=\dimen188
\extrarowheight=\dimen189
\NC@list=\toks43
\extratabsurround=\skip57
\backup@length=\skip58
)
\TX@col@width=\dimen190
\TX@old@table=\dimen191
\TX@old@col=\dimen192
\TX@target=\dimen193
\TX@delta=\dimen194
\TX@cols=\count154
\TX@ftn=\toks44
)
(/usr/local/texlive/2017/texmf-dist/tex/latex/amsmath/amscd.sty
Package: amscd 2017/04/14 v2.1 AMS Commutative Diagrams
\athelp@=\toks45
\minaw@=\dimen195
\bigaw@=\dimen196
\minCDarrowwidth=\dimen197
)
(/usr/local/texlive/2017/texmf-dist/tex/latex/etex-pkg/etex.sty
Package: etex 2016/08/01 v2.7 eTeX basic definition package (PEB,DPC)
\et@xins=\count155
)
(/usr/local/texlive/2017/texmf-dist/tex/latex/algorithms/algorithm.sty
Package: algorithm 2009/08/24 v0.1 Document Style `algorithm' - floating enviro
nment

(/usr/local/texlive/2017/texmf-dist/tex/latex/float/float.sty
Package: float 2001/11/08 v1.3d Float enhancements (AL)
\c@float@type=\count156
\float@exts=\toks46
\float@box=\box53
\@float@everytoks=\toks47
\@floatcapt=\box54
)
(/usr/local/texlive/2017/texmf-dist/tex/latex/base/ifthen.sty
Package: ifthen 2014/09/29 v1.1c Standard LaTeX ifthen package (DPC)
)
\@float@every@algorithm=\toks48
\c@algorithm=\count157
)
(/usr/local/texlive/2017/texmf-dist/tex/latex/algorithms/algorithmic.sty
Package: algorithmic 2009/08/24 v0.1 Document Style `algorithmic'
\c@ALC@unique=\count158
\c@ALC@line=\count159
\c@ALC@rem=\count160
\c@ALC@depth=\count161
\ALC@tlm=\skip59
\algorithmicindent=\skip60
)
(/usr/local/texlive/2017/texmf-dist/tex/latex/skull/skull.sty
Package: skull 2002/01/23 v0.1 (c) Henrik Christian Grove <grove@math.ku.dk>
\symSKULL=\mathgroup10
)
(/usr/local/texlive/2017/texmf-dist/tex/latex/lm/lmodern.sty
Package: lmodern 2009/10/30 v1.6 Latin Modern Fonts
LaTeX Font Info:    Overwriting symbol font `operators' in version `normal'
(Font)                  OT1/cmr/m/n --> OT1/lmr/m/n on input line 22.
LaTeX Font Info:    Overwriting symbol font `letters' in version `normal'
(Font)                  OML/cmm/m/it --> OML/lmm/m/it on input line 23.
LaTeX Font Info:    Overwriting symbol font `symbols' in version `normal'
(Font)                  OMS/cmsy/m/n --> OMS/lmsy/m/n on input line 24.
LaTeX Font Info:    Overwriting symbol font `largesymbols' in version `normal'
(Font)                  OMX/cmex/m/n --> OMX/lmex/m/n on input line 25.
LaTeX Font Info:    Overwriting symbol font `operators' in version `bold'
(Font)                  OT1/cmr/bx/n --> OT1/lmr/bx/n on input line 26.
LaTeX Font Info:    Overwriting symbol font `letters' in version `bold'
(Font)                  OML/cmm/b/it --> OML/lmm/b/it on input line 27.
LaTeX Font Info:    Overwriting symbol font `symbols' in version `bold'
(Font)                  OMS/cmsy/b/n --> OMS/lmsy/b/n on input line 28.
LaTeX Font Info:    Overwriting symbol font `largesymbols' in version `bold'
(Font)                  OMX/cmex/m/n --> OMX/lmex/m/n on input line 29.
LaTeX Font Info:    Overwriting math alphabet `\mathbf' in version `normal'
(Font)                  OT1/cmr/bx/n --> OT1/lmr/bx/n on input line 31.
LaTeX Font Info:    Overwriting math alphabet `\mathsf' in version `normal'
(Font)                  OT1/cmss/m/n --> OT1/lmss/m/n on input line 32.
LaTeX Font Info:    Overwriting math alphabet `\mathit' in version `normal'
(Font)                  OT1/cmr/m/it --> OT1/lmr/m/it on input line 33.
LaTeX Font Info:    Overwriting math alphabet `\mathtt' in version `normal'
(Font)                  OT1/cmtt/m/n --> OT1/lmtt/m/n on input line 34.
LaTeX Font Info:    Overwriting math alphabet `\mathbf' in version `bold'
(Font)                  OT1/cmr/bx/n --> OT1/lmr/bx/n on input line 35.
LaTeX Font Info:    Overwriting math alphabet `\mathsf' in version `bold'
(Font)                  OT1/cmss/bx/n --> OT1/lmss/bx/n on input line 36.
LaTeX Font Info:    Overwriting math alphabet `\mathit' in version `bold'
(Font)                  OT1/cmr/bx/it --> OT1/lmr/bx/it on input line 37.
LaTeX Font Info:    Overwriting math alphabet `\mathtt' in version `bold'
(Font)                  OT1/cmtt/m/n --> OT1/lmtt/m/n on input line 38.
)
(/usr/local/texlive/2017/texmf-dist/tex/latex/caption/caption.sty
Package: caption 2016/02/21 v3.3-144 Customizing captions (AR)

(/usr/local/texlive/2017/texmf-dist/tex/latex/caption/caption3.sty
Package: caption3 2016/05/22 v1.7-166 caption3 kernel (AR)
Package caption3 Info: TeX engine: e-TeX on input line 67.
\captionmargin=\dimen198
\captionmargin@=\dimen199
Normal \dimen register pool exhausted, switching to extended pool.
\captionwidth=\dimen256
\caption@tempdima=\dimen257
\caption@indent=\dimen258
\caption@parindent=\dimen259
\caption@hangindent=\dimen260
)
\c@ContinuedFloat=\count162
Package caption Info: beamer document class.
Package caption Info: float package is loaded.
Package caption Info: hyperref package is loaded.
Package caption Info: Hyperref support is turned off
(caption)             because hyperref has stopped early.
)
(/usr/local/texlive/2017/texmf-dist/tex/generic/ulem/ulem.sty
\UL@box=\box55
\UL@hyphenbox=\box56
\UL@skip=\skip61
\UL@hook=\toks49
\UL@height=\dimen261
\UL@pe=\count163
\UL@pixel=\dimen262
\ULC@box=\box57
Package: ulem 2012/05/18
\ULdepth=\dimen263
)
(/usr/local/texlive/2017/texmf-dist/tex/latex/oberdiek/grffile.sty
Package: grffile 2016/05/16 v1.17 Extended file name support for graphics (HO)
Package grffile Info: Option `multidot' is set to `true'.
Package grffile Info: Option `extendedchars' is set to `false'.
Package grffile Info: Option `space' is set to `true'.
Package grffile Info: \Gin@ii of package `graphicx' fixed on input line 486.
)
(/usr/local/texlive/2017/texmf-dist/tex/latex/pgf/frontendlayer/tikz.sty
(/usr/local/texlive/2017/texmf-dist/tex/latex/pgf/basiclayer/pgf.sty
Package: pgf 2015/08/07 v3.0.1a (rcs-revision 1.15)

(/usr/local/texlive/2017/texmf-dist/tex/generic/pgf/modules/pgfmoduleshapes.cod
e.tex
File: pgfmoduleshapes.code.tex 2014/03/21  (rcs-revision 1.35)
\pgfnodeparttextbox=\box58
)
(/usr/local/texlive/2017/texmf-dist/tex/generic/pgf/modules/pgfmoduleplot.code.
tex
File: pgfmoduleplot.code.tex 2015/08/03  (rcs-revision 1.13)
)
(/usr/local/texlive/2017/texmf-dist/tex/latex/pgf/compatibility/pgfcomp-version
-0-65.sty
Package: pgfcomp-version-0-65 2007/07/03 v3.0.1a (rcs-revision 1.7)
\pgf@nodesepstart=\dimen264
\pgf@nodesepend=\dimen265
)
(/usr/local/texlive/2017/texmf-dist/tex/latex/pgf/compatibility/pgfcomp-version
-1-18.sty
Package: pgfcomp-version-1-18 2007/07/23 v3.0.1a (rcs-revision 1.1)
))
(/usr/local/texlive/2017/texmf-dist/tex/latex/pgf/utilities/pgffor.sty
(/usr/local/texlive/2017/texmf-dist/tex/latex/pgf/utilities/pgfkeys.sty
(/usr/local/texlive/2017/texmf-dist/tex/generic/pgf/utilities/pgfkeys.code.tex)
) (/usr/local/texlive/2017/texmf-dist/tex/latex/pgf/math/pgfmath.sty
(/usr/local/texlive/2017/texmf-dist/tex/generic/pgf/math/pgfmath.code.tex))
(/usr/local/texlive/2017/texmf-dist/tex/generic/pgf/utilities/pgffor.code.tex
Package: pgffor 2013/12/13 v3.0.1a (rcs-revision 1.25)

(/usr/local/texlive/2017/texmf-dist/tex/generic/pgf/math/pgfmath.code.tex)
\pgffor@iter=\dimen266
\pgffor@skip=\dimen267
\pgffor@stack=\toks50
\pgffor@toks=\toks51
))
(/usr/local/texlive/2017/texmf-dist/tex/generic/pgf/frontendlayer/tikz/tikz.cod
e.tex
Package: tikz 2015/08/07 v3.0.1a (rcs-revision 1.151)

(/usr/local/texlive/2017/texmf-dist/tex/generic/pgf/libraries/pgflibraryplothan
dlers.code.tex
File: pgflibraryplothandlers.code.tex 2013/08/31 v3.0.1a (rcs-revision 1.20)
\pgf@plot@mark@count=\count164
\pgfplotmarksize=\dimen268
)
\tikz@lastx=\dimen269
\tikz@lasty=\dimen270
\tikz@lastxsaved=\dimen271
\tikz@lastysaved=\dimen272
\tikzleveldistance=\dimen273
\tikzsiblingdistance=\dimen274
\tikz@figbox=\box59
\tikz@figbox@bg=\box60
\tikz@tempbox=\box61
\tikz@tempbox@bg=\box62
\tikztreelevel=\count165
\tikznumberofchildren=\count166
\tikznumberofcurrentchild=\count167
\tikz@fig@count=\count168

(/usr/local/texlive/2017/texmf-dist/tex/generic/pgf/modules/pgfmodulematrix.cod
e.tex
File: pgfmodulematrix.code.tex 2013/09/17  (rcs-revision 1.8)
\pgfmatrixcurrentrow=\count169
\pgfmatrixcurrentcolumn=\count170
\pgf@matrix@numberofcolumns=\count171
)
\tikz@expandcount=\count172

(/usr/local/texlive/2017/texmf-dist/tex/generic/pgf/frontendlayer/tikz/librarie
s/tikzlibrarytopaths.code.tex
File: tikzlibrarytopaths.code.tex 2008/06/17 v3.0.1a (rcs-revision 1.2)
)))
(/usr/local/texlive/2017/texmf-dist/tex/generic/pgf/frontendlayer/tikz/librarie
s/tikzlibraryshapes.arrows.code.tex
File: tikzlibraryshapes.arrows.code.tex 2008/01/09 v3.0.1a (rcs-revision 1.1)

(/usr/local/texlive/2017/texmf-dist/tex/generic/pgf/libraries/shapes/pgflibrary
shapes.arrows.code.tex
File: pgflibraryshapes.arrows.code.tex 2008/06/26 v3.0.1a (rcs-revision 1.1)
))
(/usr/local/texlive/2017/texmf-dist/tex/generic/pgf/frontendlayer/tikz/librarie
s/tikzlibraryarrows.code.tex
File: tikzlibraryarrows.code.tex 2008/01/09 v3.0.1a (rcs-revision 1.1)

(/usr/local/texlive/2017/texmf-dist/tex/generic/pgf/libraries/pgflibraryarrows.
code.tex
File: pgflibraryarrows.code.tex 2013/09/23 v3.0.1a (rcs-revision 1.16)
\arrowsize=\dimen275
))
(/usr/local/texlive/2017/texmf-dist/tex/generic/pgf/frontendlayer/tikz/librarie
s/tikzlibrarypositioning.code.tex
File: tikzlibrarypositioning.code.tex 2008/10/06 v3.0.1a (rcs-revision 1.7)
)
(/usr/local/texlive/2017/texmf-dist/tex/latex/pgfplots/pgfplots.sty
(/usr/local/texlive/2017/texmf-dist/tex/generic/pgfplots/pgfplots.revision.tex)
Package: pgfplots 2016/08/10 v1.14 Data Visualization (1.14)
(/usr/local/texlive/2017/texmf-dist/tex/generic/pgfplots/pgfplots.code.tex
(/usr/local/texlive/2017/texmf-dist/tex/generic/pgfplots/pgfplotscore.code.tex
\t@pgfplots@toka=\toks52
\t@pgfplots@tokb=\toks53
\t@pgfplots@tokc=\toks54
\pgfplots@tmpa=\dimen276
\c@pgfplots@coordindex=\count173
\c@pgfplots@scanlineindex=\count174

(/usr/local/texlive/2017/texmf-dist/tex/generic/pgfplots/sys/pgfplotssysgeneric
.code.tex))
(/usr/local/texlive/2017/texmf-dist/tex/generic/pgfplots/libs/pgfplotslibrary.c
ode.tex)
(/usr/local/texlive/2017/texmf-dist/tex/generic/pgfplots/oldpgfcompatib/pgfplot
soldpgfsupp_loader.code.tex
(/usr/local/texlive/2017/texmf-dist/tex/generic/pgf/libraries/pgflibraryfpu.cod
e.tex)
Package pgfplots: loading complementary arithmetics for your pgf version...

(/usr/local/texlive/2017/texmf-dist/tex/generic/pgfplots/oldpgfcompatib/pgfplot
soldpgfsupp_pgflibraryfpu.code.tex)
(/usr/local/texlive/2017/texmf-dist/tex/generic/pgfplots/oldpgfcompatib/pgfplot
soldpgfsupp_pgfmathfloat.code.tex
\c@pgfmathroundto@lastzeros=\count175
))
(/usr/local/texlive/2017/texmf-dist/tex/generic/pgfplots/util/pgfplotsutil.code
.tex
(/usr/local/texlive/2017/texmf-dist/tex/generic/pgfplots/liststructure/pgfplots
liststructure.code.tex)
(/usr/local/texlive/2017/texmf-dist/tex/generic/pgfplots/liststructure/pgfplots
liststructureext.code.tex)
(/usr/local/texlive/2017/texmf-dist/tex/generic/pgfplots/liststructure/pgfplots
array.code.tex
\c@pgfplotsarray@tmp=\count176
)
(/usr/local/texlive/2017/texmf-dist/tex/generic/pgfplots/liststructure/pgfplots
matrix.code.tex)
(/usr/local/texlive/2017/texmf-dist/tex/generic/pgfplots/numtable/pgfplotstable
shared.code.tex
\c@pgfplotstable@counta=\count177
\t@pgfplotstable@a=\toks55
)
(/usr/local/texlive/2017/texmf-dist/tex/generic/pgfplots/liststructure/pgfplots
deque.code.tex)
(/usr/local/texlive/2017/texmf-dist/tex/generic/pgfplots/util/pgfplotsbinary.co
de.tex
(/usr/local/texlive/2017/texmf-dist/tex/generic/pgfplots/util/pgfplotsbinary.da
ta.code.tex))
(/usr/local/texlive/2017/texmf-dist/tex/generic/pgfplots/util/pgfplotsutil.verb
.code.tex)
(/usr/local/texlive/2017/texmf-dist/tex/generic/pgfplots/libs/pgflibrarypgfplot
s.surfshading.code.tex
\c@pgfplotslibrarysurf@no=\count178

(/usr/local/texlive/2017/texmf-dist/tex/generic/pgfplots/sys/pgflibrarypgfplots
.surfshading.pgfsys-pdftex.def)))
(/usr/local/texlive/2017/texmf-dist/tex/generic/pgfplots/util/pgfplotscolormap.
code.tex
(/usr/local/texlive/2017/texmf-dist/tex/generic/pgfplots/util/pgfplotscolor.cod
e.tex))
(/usr/local/texlive/2017/texmf-dist/tex/generic/pgfplots/pgfplotsstackedplots.c
ode.tex)
(/usr/local/texlive/2017/texmf-dist/tex/generic/pgfplots/pgfplotsplothandlers.c
ode.tex
(/usr/local/texlive/2017/texmf-dist/tex/generic/pgfplots/pgfplotsmeshplothandle
r.code.tex
(/usr/local/texlive/2017/texmf-dist/tex/generic/pgfplots/pgfplotsmeshplotimage.
code.tex)))
(/usr/local/texlive/2017/texmf-dist/tex/generic/pgfplots/pgfplots.scaling.code.
tex)
(/usr/local/texlive/2017/texmf-dist/tex/generic/pgfplots/pgfplotscoordprocessin
g.code.tex)
(/usr/local/texlive/2017/texmf-dist/tex/generic/pgfplots/pgfplots.errorbars.cod
e.tex)
(/usr/local/texlive/2017/texmf-dist/tex/generic/pgfplots/pgfplots.markers.code.
tex)
(/usr/local/texlive/2017/texmf-dist/tex/generic/pgfplots/pgfplotsticks.code.tex
)
(/usr/local/texlive/2017/texmf-dist/tex/generic/pgfplots/pgfplots.paths.code.te
x)
(/usr/local/texlive/2017/texmf-dist/tex/generic/pgf/frontendlayer/tikz/librarie
s/tikzlibrarydecorations.code.tex
(/usr/local/texlive/2017/texmf-dist/tex/generic/pgf/modules/pgfmoduledecoration
s.code.tex
\pgfdecoratedcompleteddistance=\dimen277
\pgfdecoratedremainingdistance=\dimen278
\pgfdecoratedinputsegmentcompleteddistance=\dimen279
\pgfdecoratedinputsegmentremainingdistance=\dimen280
\pgf@decorate@distancetomove=\dimen281
\pgf@decorate@repeatstate=\count179
\pgfdecorationsegmentamplitude=\dimen282
\pgfdecorationsegmentlength=\dimen283
)
\tikz@lib@dec@box=\box63
)
(/usr/local/texlive/2017/texmf-dist/tex/generic/pgf/frontendlayer/tikz/librarie
s/tikzlibrarydecorations.pathmorphing.code.tex
(/usr/local/texlive/2017/texmf-dist/tex/generic/pgf/libraries/decorations/pgfli
brarydecorations.pathmorphing.code.tex))
(/usr/local/texlive/2017/texmf-dist/tex/generic/pgf/frontendlayer/tikz/librarie
s/tikzlibrarydecorations.pathreplacing.code.tex
(/usr/local/texlive/2017/texmf-dist/tex/generic/pgf/libraries/decorations/pgfli
brarydecorations.pathreplacing.code.tex))
\pgfplots@numplots=\count180
\pgfplots@xmin@reg=\dimen284
\pgfplots@xmax@reg=\dimen285
\pgfplots@ymin@reg=\dimen286
\pgfplots@ymax@reg=\dimen287
\pgfplots@zmin@reg=\dimen288
\pgfplots@zmax@reg=\dimen289
)
(/usr/local/texlive/2017/texmf-dist/tex/generic/pgf/frontendlayer/tikz/librarie
s/tikzlibraryplotmarks.code.tex
File: tikzlibraryplotmarks.code.tex 2008/01/09 v3.0.1a (rcs-revision 1.1)

(/usr/local/texlive/2017/texmf-dist/tex/generic/pgf/libraries/pgflibraryplotmar
ks.code.tex
File: pgflibraryplotmarks.code.tex 2015/08/03 v3.0.1a (rcs-revision 1.14)
)))
(/usr/local/texlive/2017/texmf-dist/tex/latex/beamer/themes/theme/beamerthemeMa
drid.sty
(/usr/local/texlive/2017/texmf-dist/tex/latex/beamer/themes/color/beamercolorth
emewhale.sty)
(/usr/local/texlive/2017/texmf-dist/tex/latex/beamer/themes/color/beamercolorth
emeorchid.sty)
(/usr/local/texlive/2017/texmf-dist/tex/latex/beamer/themes/inner/beamerinnerth
emerounded.sty)
(/usr/local/texlive/2017/texmf-dist/tex/latex/beamer/themes/outer/beamerouterth
emeinfolines.sty))
(/usr/local/texlive/2017/texmf-dist/tex/generic/babel/babel.sty
Package: babel 2017/05/19 3.10 The Babel package

(/usr/local/texlive/2017/texmf-dist/tex/generic/babel-english/english.ldf
Language: english 2017/01/24 v3.3q English support from the babel system

(/usr/local/texlive/2017/texmf-dist/tex/generic/babel/babel.def
File: babel.def 2017/05/19 3.10 Babel common definitions
\babel@savecnt=\count181
\U@D=\dimen290
LaTeX Info: Redefining \textlatin on input line 1648.
)
\l@canadian = a dialect from \language\l@american 
\l@australian = a dialect from \language\l@british 
\l@newzealand = a dialect from \language\l@british 
))
(/usr/local/texlive/2017/texmf-dist/tex/latex/base/inputenc.sty
Package: inputenc 2015/03/17 v1.2c Input encoding file
\inpenc@prehook=\toks56
\inpenc@posthook=\toks57

(/usr/local/texlive/2017/texmf-dist/tex/latex/base/latin1.def
File: latin1.def 2015/03/17 v1.2c Input encoding file
)))
(/usr/local/texlive/2017/texmf-dist/tex/latex/caption/subcaption.sty
Package: subcaption 2016/05/22 v1.1-161 Sub-captions (AR)
\c@subfigure=\count182
\c@subtable=\count183
)
(/usr/local/texlive/2017/texmf-dist/tex/latex/cancel/cancel.sty
Package: cancel 2013/04/12 v2.2 Cancel math terms
)
(./implicit_reg_slides.aux)
\openout1 = `implicit_reg_slides.aux'.

LaTeX Font Info:    Checking defaults for OML/cmm/m/it on input line 81.
LaTeX Font Info:    ... okay on input line 81.
LaTeX Font Info:    Checking defaults for T1/cmr/m/n on input line 81.
LaTeX Font Info:    ... okay on input line 81.
LaTeX Font Info:    Checking defaults for OT1/cmr/m/n on input line 81.
LaTeX Font Info:    ... okay on input line 81.
LaTeX Font Info:    Checking defaults for OMS/cmsy/m/n on input line 81.
LaTeX Font Info:    ... okay on input line 81.
LaTeX Font Info:    Checking defaults for OMX/cmex/m/n on input line 81.
LaTeX Font Info:    ... okay on input line 81.
LaTeX Font Info:    Checking defaults for U/cmr/m/n on input line 81.
LaTeX Font Info:    ... okay on input line 81.
LaTeX Font Info:    Checking defaults for PD1/pdf/m/n on input line 81.
LaTeX Font Info:    ... okay on input line 81.
LaTeX Font Info:    Try loading font information for OT1+lmss on input line 81.


(/usr/local/texlive/2017/texmf-dist/tex/latex/lm/ot1lmss.fd
File: ot1lmss.fd 2009/10/30 v1.6 Font defs for Latin Modern
)
*geometry* driver: auto-detecting
*geometry* detected driver: pdftex
*geometry* verbose mode - [ preamble ] result:
* driver: pdftex
* paper: custom
* layout: <same size as paper>
* layoutoffset:(h,v)=(0.0pt,0.0pt)
* modes: includehead includefoot 
* h-part:(L,W,R)=(21.90005pt, 320.39525pt, 21.90005pt)
* v-part:(T,H,B)=(0.0pt, 273.14662pt, 0.0pt)
* \paperwidth=364.19536pt
* \paperheight=273.14662pt
* \textwidth=320.39525pt
* \textheight=244.6939pt
* \oddsidemargin=-50.36993pt
* \evensidemargin=-50.36993pt
* \topmargin=-72.26999pt
* \headheight=14.22636pt
* \headsep=0.0pt
* \topskip=11.0pt
* \footskip=14.22636pt
* \marginparwidth=4.0pt
* \marginparsep=10.0pt
* \columnsep=10.0pt
* \skip\footins=10.0pt plus 4.0pt minus 2.0pt
* \hoffset=0.0pt
* \voffset=0.0pt
* \mag=1000
* \@twocolumnfalse
* \@twosidefalse
* \@mparswitchfalse
* \@reversemarginfalse
* (1in=72.27pt=25.4mm, 1cm=28.453pt)

(/usr/local/texlive/2017/texmf-dist/tex/context/base/mkii/supp-pdf.mkii
[Loading MPS to PDF converter (version 2006.09.02).]
\scratchcounter=\count184
\scratchdimen=\dimen291
\scratchbox=\box64
\nofMPsegments=\count185
\nofMParguments=\count186
\everyMPshowfont=\toks58
\MPscratchCnt=\count187
\MPscratchDim=\dimen292
\MPnumerator=\count188
\makeMPintoPDFobject=\count189
\everyMPtoPDFconversion=\toks59
) (/usr/local/texlive/2017/texmf-dist/tex/latex/oberdiek/epstopdf-base.sty
Package: epstopdf-base 2016/05/15 v2.6 Base part for package epstopdf

(/usr/local/texlive/2017/texmf-dist/tex/latex/oberdiek/grfext.sty
Package: grfext 2016/05/16 v1.2 Manage graphics extensions (HO)
)
Package epstopdf-base Info: Redefining graphics rule for `.eps' on input line 4
38.
Package grfext Info: Graphics extension search list:
(grfext)             [.png,.pdf,.jpg,.mps,.jpeg,.jbig2,.jb2,.PNG,.PDF,.JPG,.JPE
G,.JBIG2,.JB2,.eps]
(grfext)             \AppendGraphicsExtensions on input line 456.

(/usr/local/texlive/2017/texmf-dist/tex/latex/latexconfig/epstopdf-sys.cfg
File: epstopdf-sys.cfg 2010/07/13 v1.3 Configuration of (r)epstopdf for TeX Liv
e
))
ABD: EveryShipout initializing macros
\AtBeginShipoutBox=\box65
Package hyperref Info: Link coloring OFF on input line 81.

(/usr/local/texlive/2017/texmf-dist/tex/latex/hyperref/nameref.sty
Package: nameref 2016/05/21 v2.44 Cross-referencing by name of section

(/usr/local/texlive/2017/texmf-dist/tex/generic/oberdiek/gettitlestring.sty
Package: gettitlestring 2016/05/16 v1.5 Cleanup title references (HO)
)
\c@section@level=\count190
)
LaTeX Info: Redefining \ref on input line 81.
LaTeX Info: Redefining \pageref on input line 81.
LaTeX Info: Redefining \nameref on input line 81.

(./implicit_reg_slides.out) (./implicit_reg_slides.out)
\@outlinefile=\write6
\openout6 = `implicit_reg_slides.out'.


(/usr/local/texlive/2017/texmf-dist/tex/latex/beamer/translator/dicts/translato
r-basic-dictionary/translator-basic-dictionary-English.dict
Dictionary: translator-basic-dictionary, Language: English 
)
(/usr/local/texlive/2017/texmf-dist/tex/latex/beamer/translator/dicts/translato
r-bibliography-dictionary/translator-bibliography-dictionary-English.dict
Dictionary: translator-bibliography-dictionary, Language: English 
)
(/usr/local/texlive/2017/texmf-dist/tex/latex/beamer/translator/dicts/translato
r-environment-dictionary/translator-environment-dictionary-English.dict
Dictionary: translator-environment-dictionary, Language: English 
)
(/usr/local/texlive/2017/texmf-dist/tex/latex/beamer/translator/dicts/translato
r-months-dictionary/translator-months-dictionary-English.dict
Dictionary: translator-months-dictionary, Language: English 
)
(/usr/local/texlive/2017/texmf-dist/tex/latex/beamer/translator/dicts/translato
r-numbers-dictionary/translator-numbers-dictionary-English.dict
Dictionary: translator-numbers-dictionary, Language: English 
)
(/usr/local/texlive/2017/texmf-dist/tex/latex/beamer/translator/dicts/translato
r-theorem-dictionary/translator-theorem-dictionary-English.dict
Dictionary: translator-theorem-dictionary, Language: English 
)
LaTeX Info: Redefining \includegraphics on input line 81.
Package caption Info: Begin \AtBeginDocument code.
Package caption Info: End \AtBeginDocument code.


Package pgfplots Warning: running in backwards compatibility mode (unsuitable t
ick labels; missing features). Consider writing \pgfplotsset{compat=1.14} into 
your preamble.
 on input line 81.

(./implicit_reg_slides.nav)
<figure/princeton.png, id=13, 1204.5pt x 1529.715pt>
File: figure/princeton.png Graphic file (type png)

<use figure/princeton.png>
Package pdftex.def Info: figure/princeton.png used on input line 86.
(pdftex.def)             Requested size: 57.6688pt x 73.22241pt.
 [1

{/usr/local/texlive/2017/texmf-var/fonts/map/pdftex/updmap/pdftex.map} <./figur
e/princeton.png>]
<figure/kaizheng_meitu_1.jpg, id=24, 509.905pt x 611.78563pt>
File: figure/kaizheng_meitu_1.jpg Graphic file (type jpg)

<use figure/kaizheng_meitu_1.jpg>
Package pdftex.def Info: figure/kaizheng_meitu_1.jpg used on input line 128.
(pdftex.def)             Requested size: 76.89592pt x 92.25864pt.
LaTeX Font Info:    Try loading font information for OT1+lmr on input line 128.


(/usr/local/texlive/2017/texmf-dist/tex/latex/lm/ot1lmr.fd
File: ot1lmr.fd 2009/10/30 v1.6 Font defs for Latin Modern
)
LaTeX Font Info:    Try loading font information for OML+lmm on input line 128.


(/usr/local/texlive/2017/texmf-dist/tex/latex/lm/omllmm.fd
File: omllmm.fd 2009/10/30 v1.6 Font defs for Latin Modern
)
LaTeX Font Info:    Try loading font information for OMS+lmsy on input line 128
.

(/usr/local/texlive/2017/texmf-dist/tex/latex/lm/omslmsy.fd
File: omslmsy.fd 2009/10/30 v1.6 Font defs for Latin Modern
)
LaTeX Font Info:    Try loading font information for OMX+lmex on input line 128
.

(/usr/local/texlive/2017/texmf-dist/tex/latex/lm/omxlmex.fd
File: omxlmex.fd 2009/10/30 v1.6 Font defs for Latin Modern
)
LaTeX Font Info:    External font `lmex10' loaded for size
(Font)              <10.95> on input line 128.
LaTeX Font Info:    External font `lmex10' loaded for size
(Font)              <8> on input line 128.
LaTeX Font Info:    External font `lmex10' loaded for size
(Font)              <6> on input line 128.
LaTeX Font Info:    Try loading font information for U+msa on input line 128.

(/usr/local/texlive/2017/texmf-dist/tex/latex/amsfonts/umsa.fd
File: umsa.fd 2013/01/14 v3.01 AMS symbols A
)
LaTeX Font Info:    Try loading font information for U+msb on input line 128.

(/usr/local/texlive/2017/texmf-dist/tex/latex/amsfonts/umsb.fd
File: umsb.fd 2013/01/14 v3.01 AMS symbols B
)
LaTeX Font Info:    Try loading font information for U+lasy on input line 128.

(/usr/local/texlive/2017/texmf-dist/tex/latex/base/ulasy.fd
File: ulasy.fd 1998/08/17 v2.2e LaTeX symbol font definitions
)
<figure/yuejie_meitu_1.jpg, id=25, 1761.58125pt x 2113.8975pt>
File: figure/yuejie_meitu_1.jpg Graphic file (type jpg)

<use figure/yuejie_meitu_1.jpg>
Package pdftex.def Info: figure/yuejie_meitu_1.jpg used on input line 128.
(pdftex.def)             Requested size: 76.89592pt x 92.25055pt.

<figure/YuxinChen_meitu_1.jpg, id=26, 612.6087pt x 734.9859pt>
File: figure/YuxinChen_meitu_1.jpg Graphic file (type jpg)

<use figure/YuxinChen_meitu_1.jpg>
Package pdftex.def Info: figure/YuxinChen_meitu_1.jpg used on input line 128.
(pdftex.def)             Requested size: 76.89592pt x 92.25432pt.
 [2

 <./figure/kaizheng_meitu_1.jpg> <./figure/yuejie_meitu_1.jpg> <./figure/YuxinC
hen_meitu_1.jpg>]
<figure/nonconvex_plot2.png, id=33, 276.03125pt x 286.06876pt>
File: figure/nonconvex_plot2.png Graphic file (type png)

<use figure/nonconvex_plot2.png>
Package pdftex.def Info: figure/nonconvex_plot2.png used on input line 166.
(pdftex.def)             Requested size: 128.15614pt x 132.8198pt.
 [3

 <./figure/nonconvex_plot2.png>]
File: figure/nonconvex_plot2.png Graphic file (type png)

<use figure/nonconvex_plot2.png>
Package pdftex.def Info: figure/nonconvex_plot2.png used on input line 166.
(pdftex.def)             Requested size: 128.15614pt x 132.8198pt.
 [4

]
<figure/nonconvex_surface.png, id=53, 775.89874pt x 549.05125pt>
File: figure/nonconvex_surface.png Graphic file (type png)

<use figure/nonconvex_surface.png>
Package pdftex.def Info: figure/nonconvex_surface.png used on input line 204.
(pdftex.def)             Requested size: 208.25494pt x 147.36613pt.

<figure/scary-halloween-wallpaper.jpg, id=60, 1686.3pt x 1084.05pt>
File: figure/scary-halloween-wallpaper.jpg Graphic file (type jpg)

<use figure/scary-halloween-wallpaper.jpg>
Package pdftex.def Info: figure/scary-halloween-wallpaper.jpg used on input lin
e 204.
(pdftex.def)             Requested size: 208.25494pt x 133.86833pt.
 [5

 <./figure/nonconvex_surface.png> <./figure/scary-halloween-wallpaper.jpg>]
File: figure/nonconvex_surface.png Graphic file (type png)
 <use figure/nonconvex_surface.png>
Package pdftex.def Info: figure/nonconvex_surface.png used on input line 204.
(pdftex.def)             Requested size: 208.25494pt x 147.36613pt.
File: figure/scary-halloween-wallpaper.jpg Graphic file (type jpg)

<use figure/scary-halloween-wallpaper.jpg>
Package pdftex.def Info: figure/scary-halloween-wallpaper.jpg used on input lin
e 204.
(pdftex.def)             Requested size: 208.25494pt x 133.86833pt.
 [6

] Excluding 'comment' comment.
<figure/strict_saddle.png, id=74, 462.528pt x 353.1594pt>
File: figure/strict_saddle.png Graphic file (type png)

<use figure/strict_saddle.png>
Package pdftex.def Info: figure/strict_saddle.png used on input line 256.
(pdftex.def)             Requested size: 160.19762pt x 122.3197pt.
LaTeX Font Info:    Font shape `OT1/lmss/m/it' in size <9> not available
(Font)              Font shape `OT1/lmss/m/sl' tried instead on input line 256.

 [7

 <./figure/strict_saddle.png>]
<figure/statistics_optimization_2.pdf, id=84, 563.10374pt x 438.63875pt>
File: figure/statistics_optimization_2.pdf Graphic file (type pdf)

<use figure/statistics_optimization_2.pdf>
Package pdftex.def Info: figure/statistics_optimization_2.pdf used on input lin
e 273.
(pdftex.def)             Requested size: 288.35376pt x 224.61975pt.

Overfull \vbox (0.86658pt too high) detected at line 273
 []

[8

 <./figure/statistics_optimization_2.pdf>]
<figure/non_convex_initial.pdf, id=101, 417.56pt x 324.21124pt>
File: figure/non_convex_initial.pdf Graphic file (type pdf)

<use figure/non_convex_initial.pdf>
Package pdftex.def Info: figure/non_convex_initial.pdf used on input line 318.
(pdftex.def)             Requested size: 144.17688pt x 111.94699pt.

<figure/non_convex_iterate.pdf, id=102, 417.56pt x 324.21124pt>
File: figure/non_convex_iterate.pdf Graphic file (type pdf)

<use figure/non_convex_iterate.pdf>
Package pdftex.def Info: figure/non_convex_iterate.pdf used on input line 318.
(pdftex.def)             Requested size: 144.17688pt x 111.94699pt.
 [9

 <./figure/non_convex_initial.pdf> <./figure/non_convex_iterate.pdf>]
File: figure/non_convex_initial.pdf Graphic file (type pdf)
 <use figure/non_convex_initial.pdf>
Package pdftex.def Info: figure/non_convex_initial.pdf used on input line 318.
(pdftex.def)             Requested size: 144.17688pt x 111.94699pt.
File: figure/non_convex_iterate.pdf Graphic file (type pdf)

<use figure/non_convex_iterate.pdf>
Package pdftex.def Info: figure/non_convex_iterate.pdf used on input line 318.
(pdftex.def)             Requested size: 144.17688pt x 111.94699pt.
 [10

]
LaTeX Font Info:    External font `lmex10' loaded for size
(Font)              <10> on input line 349.
LaTeX Font Info:    External font `lmex10' loaded for size
(Font)              <7> on input line 349.
LaTeX Font Info:    External font `lmex10' loaded for size
(Font)              <5> on input line 349.
 [11

] [12

] [13

]
<figure/summary.pdf, id=2335, 993.7125pt x 361.35pt>
File: figure/summary.pdf Graphic file (type pdf)
 <use figure/summary.pdf>
Package pdftex.def Info: figure/summary.pdf used on input line 384.
(pdftex.def)             Requested size: 320.39525pt x 116.50552pt.
LaTeX Font Info:    Font shape `OT1/lmss/m/it' in size <10.95> not available
(Font)              Font shape `OT1/lmss/m/sl' tried instead on input line 384.


<figure/my_frame_orange.png, id=2336, 312.2064pt x 318.9516pt>
File: figure/my_frame_orange.png Graphic file (type png)

<use figure/my_frame_orange.png>
Package pdftex.def Info: figure/my_frame_orange.png used on input line 384.
(pdftex.def)             Requested size: 112.14029pt x 114.55968pt.
 [14

 <./figure/summary.pdf> <./figure/my_frame_orange.png>] <figure/reg_summary.pdf
, id=2357, 993.7125pt x 361.35pt>
File: figure/reg_summary.pdf Graphic file (type pdf)

<use figure/reg_summary.pdf>
Package pdftex.def Info: figure/reg_summary.pdf used on input line 384.
(pdftex.def)             Requested size: 320.39525pt x 116.50552pt.
File: figure/my_frame_orange.png Graphic file (type png)
 <use figure/my_frame_orange.png>
Package pdftex.def Info: figure/my_frame_orange.png used on input line 384.
(pdftex.def)             Requested size: 112.14029pt x 114.55968pt.
 [15

 <./figure/reg_summary.pdf>] <figure/reg_unreg_summary.pdf, id=2376, 995.72pt x
 361.35pt>
File: figure/reg_unreg_summary.pdf Graphic file (type pdf)

<use figure/reg_unreg_summary.pdf>
Package pdftex.def Info: figure/reg_unreg_summary.pdf used on input line 384.
(pdftex.def)             Requested size: 320.39525pt x 116.27396pt.
File: figure/my_frame_orange.png Graphic file (type png)
 <use figure/my_frame_orange.png>
Package pdftex.def Info: figure/my_frame_orange.png used on input line 384.
(pdftex.def)             Requested size: 112.14029pt x 114.55968pt.
 [16

 <./figure/reg_unreg_summary.pdf>]
File: figure/reg_unreg_summary.pdf Graphic file (type pdf)
 <use figure/reg_unreg_summary.pdf>
Package pdftex.def Info: figure/reg_unreg_summary.pdf used on input line 384.
(pdftex.def)             Requested size: 320.39525pt x 116.27396pt.
File: figure/my_frame_orange.png Graphic file (type png)

<use figure/my_frame_orange.png>
Package pdftex.def Info: figure/my_frame_orange.png used on input line 384.
(pdftex.def)             Requested size: 112.14029pt x 114.55968pt.
 [17

] Excluding 'comment' comment.
<figure/microscopy.png, id=2401, 577.6782pt x 342.5598pt>
File: figure/microscopy.png Graphic file (type png)

<use figure/microscopy.png>
Package pdftex.def Info: figure/microscopy.png used on input line 491.
(pdftex.def)             Requested size: 113.81102pt x 67.48624pt.

Overfull \hbox (2.73381pt too wide) detected at line 491
[][][]\OT1/lmr/m/n/10 (\OML/lmm/m/it/10 f[]; f[]\OT1/lmr/m/n/10 )[][] = [][]\OM
L/lmm/m/it/10 x\OT1/lmr/m/n/10 (\OML/lmm/m/it/10 t[]; t[]\OT1/lmr/m/n/10 )\OML/
lmm/m/it/10 e[]\OT1/lmr/m/n/10 d\OML/lmm/m/it/10 t[]\OT1/lmr/m/n/10 d\OML/lmm/m
/it/10 t[][][]
 []

[18

 <./figure/microscopy.png>]
File: figure/microscopy.png Graphic file (type png)
 <use figure/microscopy.png>
Package pdftex.def Info: figure/microscopy.png used on input line 491.
(pdftex.def)             Requested size: 113.81102pt x 67.48624pt.

Overfull \hbox (2.73381pt too wide) detected at line 491
[][][]\OT1/lmr/m/n/10 (\OML/lmm/m/it/10 f[]; f[]\OT1/lmr/m/n/10 )[][] = [][]\OM
L/lmm/m/it/10 x\OT1/lmr/m/n/10 (\OML/lmm/m/it/10 t[]; t[]\OT1/lmr/m/n/10 )\OML/
lmm/m/it/10 e[]\OT1/lmr/m/n/10 d\OML/lmm/m/it/10 t[]\OT1/lmr/m/n/10 d\OML/lmm/m
/it/10 t[][][]
 []

[19

] <figure/quadratic.pdf, id=2421, 863.225pt x 402.50375pt>
File: figure/quadratic.pdf Graphic file (type pdf)

<use figure/quadratic.pdf>
Package pdftex.def Info: figure/quadratic.pdf used on input line 522.
(pdftex.def)             Requested size: 304.3745pt x 141.9225pt.
 [20

 <./figure/quadratic.pdf>]
<figure/GD2.png, id=2536, 528.5346pt x 419.166pt>
File: figure/GD2.png Graphic file (type png)
 <use figure/GD2.png>
Package pdftex.def Info: figure/GD2.png used on input line 572.
(pdftex.def)             Requested size: 100.9258pt x 80.03891pt.

Overfull \hbox (32.63893pt too wide) in paragraph at lines 572--572
 [] 
 []

[21

 <./figure/GD2.png>]
File: figure/GD2.png Graphic file (type png)
 <use figure/GD2.png>
Package pdftex.def Info: figure/GD2.png used on input line 572.
(pdftex.def)             Requested size: 100.9258pt x 80.03891pt.

Overfull \hbox (32.63893pt too wide) in paragraph at lines 572--572
 [] 
 []

[22

] <figure/strong_cvx_smoothness1.pdf, id=2550, 557.08125pt x 403.5075pt>
File: figure/strong_cvx_smoothness1.pdf Graphic file (type pdf)

<use figure/strong_cvx_smoothness1.pdf>
Package pdftex.def Info: figure/strong_cvx_smoothness1.pdf used on input line 6
20.
(pdftex.def)             Requested size: 160.19762pt x 116.0352pt.

Overfull \vbox (2.7546pt too high) detected at line 620
 []

[23

 <./figure/strong_cvx_smoothness1.pdf>]
<figure/strong_cvx_smoothness2.pdf, id=2631, 557.08125pt x 403.5075pt>
File: figure/strong_cvx_smoothness2.pdf Graphic file (type pdf)

<use figure/strong_cvx_smoothness2.pdf>
Package pdftex.def Info: figure/strong_cvx_smoothness2.pdf used on input line 6
20.
(pdftex.def)             Requested size: 160.19762pt x 116.0352pt.

Overfull \vbox (2.7546pt too high) detected at line 620
 []

[24

 <./figure/strong_cvx_smoothness2.pdf>]
<figure/strong_cvx_smoothness3.pdf, id=2709, 557.08125pt x 403.5075pt>
File: figure/strong_cvx_smoothness3.pdf Graphic file (type pdf)

<use figure/strong_cvx_smoothness3.pdf>
Package pdftex.def Info: figure/strong_cvx_smoothness3.pdf used on input line 6
20.
(pdftex.def)             Requested size: 160.19762pt x 116.0352pt.

Overfull \vbox (2.7546pt too high) detected at line 620
 []

[25

 <./figure/strong_cvx_smoothness3.pdf>] [26

]
<figure/shade.png, id=2792, 45.2892pt x 45.2892pt>
File: figure/shade.png Graphic file (type png)
 <use figure/shade.png>
Package pdftex.def Info: figure/shade.png used on input line 706.
(pdftex.def)             Requested size: 12.81364pt x 12.81357pt.

<figure/circle0.png, id=2793, 250.0542pt x 249.5724pt>
File: figure/circle0.png Graphic file (type png)

<use figure/circle0.png>
Package pdftex.def Info: figure/circle0.png used on input line 706.
(pdftex.def)             Requested size: 109.57582pt x 109.36662pt.
 [27

 <./figure/shade.png> <./figure/circle0.png>]
File: figure/shade.png Graphic file (type png)

<use figure/shade.png>
Package pdftex.def Info: figure/shade.png used on input line 706.
(pdftex.def)             Requested size: 12.81364pt x 12.81357pt.
 <figure/circle1.png, id=2802, 250.0542pt x 249.5724pt>
File: figure/circle1.png Graphic file (type png)

<use figure/circle1.png>
Package pdftex.def Info: figure/circle1.png used on input line 706.
(pdftex.def)             Requested size: 109.57582pt x 109.36662pt.
 [28

 <./figure/circle1.png>]
File: figure/shade.png Graphic file (type png)
 <use figure/shade.png>
Package pdftex.def Info: figure/shade.png used on input line 706.
(pdftex.def)             Requested size: 12.81364pt x 12.81357pt.

<figure/circle2.png, id=2810, 250.0542pt x 249.5724pt>
File: figure/circle2.png Graphic file (type png)

<use figure/circle2.png>
Package pdftex.def Info: figure/circle2.png used on input line 706.
(pdftex.def)             Requested size: 109.57582pt x 109.36662pt.
 [29

 <./figure/circle2.png>]
File: figure/shade.png Graphic file (type png)
 <use figure/shade.png>
Package pdftex.def Info: figure/shade.png used on input line 706.
(pdftex.def)             Requested size: 12.81364pt x 12.81357pt.

<figure/circle3.png, id=2818, 250.0542pt x 249.5724pt>
File: figure/circle3.png Graphic file (type png)

<use figure/circle3.png>
Package pdftex.def Info: figure/circle3.png used on input line 706.
(pdftex.def)             Requested size: 109.57582pt x 109.36662pt.
 [30

 <./figure/circle3.png>] [31

] [32

] [33

] [34

]
[35

] [36

] [37

] [38

]
<figure/grad_distribution.pdf, id=2877, 452.69125pt x 290.08376pt>
File: figure/grad_distribution.pdf Graphic file (type pdf)

<use figure/grad_distribution.pdf>
Package pdftex.def Info: figure/grad_distribution.pdf used on input line 852.
(pdftex.def)             Requested size: 192.23909pt x 123.18436pt.
 [39

 <./figure/grad_distribution.pdf>]
<figure/arrow_down_3.png, id=2899, 48.6618pt x 72.7518pt>
File: figure/arrow_down_3.png Graphic file (type png)

<use figure/arrow_down_3.png>
Package pdftex.def Info: figure/arrow_down_3.png used on input line 902.
(pdftex.def)             Requested size: 14.73904pt x 22.0355pt.
File: figure/arrow_down_3.png Graphic file (type png)
 <use figure/arrow_down_3.png>
Package pdftex.def Info: figure/arrow_down_3.png used on input line 902.
(pdftex.def)             Requested size: 14.73904pt x 22.0355pt.
File: figure/arrow_down_3.png Graphic file (type png)

<use figure/arrow_down_3.png>
Package pdftex.def Info: figure/arrow_down_3.png used on input line 902.
(pdftex.def)             Requested size: 14.73904pt x 22.0355pt.
 [40

 <./figure/arrow_down_3.png>]
File: figure/arrow_down_3.png Graphic file (type png)

<use figure/arrow_down_3.png>
Package pdftex.def Info: figure/arrow_down_3.png used on input line 902.
(pdftex.def)             Requested size: 14.73904pt x 22.0355pt.
File: figure/arrow_down_3.png Graphic file (type png)
 <use figure/arrow_down_3.png>
Package pdftex.def Info: figure/arrow_down_3.png used on input line 902.
(pdftex.def)             Requested size: 14.73904pt x 22.0355pt.
File: figure/arrow_down_3.png Graphic file (type png)

<use figure/arrow_down_3.png>
Package pdftex.def Info: figure/arrow_down_3.png used on input line 902.
(pdftex.def)             Requested size: 14.73904pt x 22.0355pt.
 [41

]
File: figure/arrow_down_3.png Graphic file (type png)
 <use figure/arrow_down_3.png>
Package pdftex.def Info: figure/arrow_down_3.png used on input line 902.
(pdftex.def)             Requested size: 14.73904pt x 22.0355pt.
File: figure/arrow_down_3.png Graphic file (type png)

<use figure/arrow_down_3.png>
Package pdftex.def Info: figure/arrow_down_3.png used on input line 902.
(pdftex.def)             Requested size: 14.73904pt x 22.0355pt.
File: figure/arrow_down_3.png Graphic file (type png)
 <use figure/arrow_down_3.png>
Package pdftex.def Info: figure/arrow_down_3.png used on input line 902.
(pdftex.def)             Requested size: 14.73904pt x 22.0355pt.
 [42

]
File: figure/arrow_down_3.png Graphic file (type png)

<use figure/arrow_down_3.png>
Package pdftex.def Info: figure/arrow_down_3.png used on input line 902.
(pdftex.def)             Requested size: 14.73904pt x 22.0355pt.
File: figure/arrow_down_3.png Graphic file (type png)
 <use figure/arrow_down_3.png>
Package pdftex.def Info: figure/arrow_down_3.png used on input line 902.
(pdftex.def)             Requested size: 14.73904pt x 22.0355pt.
File: figure/arrow_down_3.png Graphic file (type png)

<use figure/arrow_down_3.png>
Package pdftex.def Info: figure/arrow_down_3.png used on input line 902.
(pdftex.def)             Requested size: 14.73904pt x 22.0355pt.
 [43

]
File: figure/arrow_down_3.png Graphic file (type png)
 <use figure/arrow_down_3.png>
Package pdftex.def Info: figure/arrow_down_3.png used on input line 902.
(pdftex.def)             Requested size: 14.73904pt x 22.0355pt.
File: figure/arrow_down_3.png Graphic file (type png)

<use figure/arrow_down_3.png>
Package pdftex.def Info: figure/arrow_down_3.png used on input line 902.
(pdftex.def)             Requested size: 14.73904pt x 22.0355pt.
File: figure/arrow_down_3.png Graphic file (type png)
 <use figure/arrow_down_3.png>
Package pdftex.def Info: figure/arrow_down_3.png used on input line 902.
(pdftex.def)             Requested size: 14.73904pt x 22.0355pt.
 [44

]
<figure/pr_const_stepsize.pdf, id=2932, 523.9575pt x 401.5pt>
File: figure/pr_const_stepsize.pdf Graphic file (type pdf)

<use figure/pr_const_stepsize.pdf>
Package pdftex.def Info: figure/pr_const_stepsize.pdf used on input line 925.
(pdftex.def)             Requested size: 224.2757pt x 171.85745pt.
LaTeX Font Info:    External font `lmex10' loaded for size
(Font)              <14.4> on input line 925.
 [45

 <./figure/pr_const_stepsize.pdf>]
<figure/WF_region_0.pdf, id=2973, 412.54124pt x 351.3125pt>
File: figure/WF_region_0.pdf Graphic file (type pdf)

<use figure/WF_region_0.pdf>
Package pdftex.def Info: figure/WF_region_0.pdf used on input line 977.
(pdftex.def)             Requested size: 192.23909pt x 163.70705pt.
 [46

 <./figure/WF_region_0.pdf>]
File: figure/WF_region_0.pdf Graphic file (type pdf)

<use figure/WF_region_0.pdf>
Package pdftex.def Info: figure/WF_region_0.pdf used on input line 977.
(pdftex.def)             Requested size: 192.23909pt x 163.70705pt.
 [47

]
<figure/WF_region_3.pdf, id=2992, 412.54124pt x 351.3125pt>
File: figure/WF_region_3.pdf Graphic file (type pdf)

<use figure/WF_region_3.pdf>
Package pdftex.def Info: figure/WF_region_3.pdf used on input line 977.
(pdftex.def)             Requested size: 192.23909pt x 163.70705pt.
 [48

 <./figure/WF_region_3.pdf>]
<figure/WF_region_2.pdf, id=3063, 412.54124pt x 351.3125pt>
File: figure/WF_region_2.pdf Graphic file (type pdf)

<use figure/WF_region_2.pdf>
Package pdftex.def Info: figure/WF_region_2.pdf used on input line 977.
(pdftex.def)             Requested size: 192.23909pt x 163.70705pt.
 [49

 <./figure/WF_region_2.pdf>]
<figure/WF_region_1.pdf, id=3209, 412.54124pt x 351.3125pt>
File: figure/WF_region_1.pdf Graphic file (type pdf)

<use figure/WF_region_1.pdf>
Package pdftex.def Info: figure/WF_region_1.pdf used on input line 977.
(pdftex.def)             Requested size: 192.23909pt x 163.70705pt.
 [50

 <./figure/WF_region_1.pdf>]
File: figure/shade.png Graphic file (type png)

<use figure/shade.png>
Package pdftex.def Info: figure/shade.png used on input line 1019.
(pdftex.def)             Requested size: 12.81364pt x 12.81357pt.
File: figure/circle0.png Graphic file (type png)
 <use figure/circle0.png>
Package pdftex.def Info: figure/circle0.png used on input line 1019.
(pdftex.def)             Requested size: 109.57582pt x 109.36662pt.

<figure/GD_WF_ball5.pdf, id=3440, 272.01625pt x 257.96375pt>
File: figure/GD_WF_ball5.pdf Graphic file (type pdf)

<use figure/GD_WF_ball5.pdf>
Package pdftex.def Info: figure/GD_WF_ball5.pdf used on input line 1019.
(pdftex.def)             Requested size: 134.56541pt x 127.61961pt.
 [51

 <./figure/GD_WF_ball5.pdf>]
File: figure/shade.png Graphic file (type png)

<use figure/shade.png>
Package pdftex.def Info: figure/shade.png used on input line 1019.
(pdftex.def)             Requested size: 12.81364pt x 12.81357pt.
File: figure/circle1.png Graphic file (type png)
 <use figure/circle1.png>
Package pdftex.def Info: figure/circle1.png used on input line 1019.
(pdftex.def)             Requested size: 109.57582pt x 109.36662pt.
File: figure/GD_WF_ball5.pdf Graphic file (type pdf)
 <use figure/GD_WF_ball5.pdf>
Package pdftex.def Info: figure/GD_WF_ball5.pdf used on input line 1019.
(pdftex.def)             Requested size: 134.56541pt x 127.61961pt.

[52

]
File: figure/shade.png Graphic file (type png)
 <use figure/shade.png>
Package pdftex.def Info: figure/shade.png used on input line 1019.
(pdftex.def)             Requested size: 12.81364pt x 12.81357pt.
File: figure/circle2.png Graphic file (type png)
 <use figure/circle2.png>
Package pdftex.def Info: figure/circle2.png used on input line 1019.
(pdftex.def)             Requested size: 109.57582pt x 109.36662pt.
File: figure/GD_WF_ball5.pdf Graphic file (type pdf)

<use figure/GD_WF_ball5.pdf>
Package pdftex.def Info: figure/GD_WF_ball5.pdf used on input line 1019.
(pdftex.def)             Requested size: 134.56541pt x 127.61961pt.
 [53

]
File: figure/shade.png Graphic file (type png)
 <use figure/shade.png>
Package pdftex.def Info: figure/shade.png used on input line 1019.
(pdftex.def)             Requested size: 12.81364pt x 12.81357pt.
File: figure/circle3.png Graphic file (type png)

<use figure/circle3.png>
Package pdftex.def Info: figure/circle3.png used on input line 1019.
(pdftex.def)             Requested size: 109.57582pt x 109.36662pt.
File: figure/GD_WF_ball5.pdf Graphic file (type pdf)
 <use figure/GD_WF_ball5.pdf>
Package pdftex.def Info: figure/GD_WF_ball5.pdf used on input line 1019.
(pdftex.def)             Requested size: 134.56541pt x 127.61961pt.
 [54

]
File: figure/shade.png Graphic file (type png)

<use figure/shade.png>
Package pdftex.def Info: figure/shade.png used on input line 1019.
(pdftex.def)             Requested size: 12.81364pt x 12.81357pt.
File: figure/circle3.png Graphic file (type png)
 <use figure/circle3.png>
Package pdftex.def Info: figure/circle3.png used on input line 1019.
(pdftex.def)             Requested size: 109.57582pt x 109.36662pt.

<figure/GD_WF_ball4.pdf, id=3472, 272.01625pt x 257.96375pt>
File: figure/GD_WF_ball4.pdf Graphic file (type pdf)

<use figure/GD_WF_ball4.pdf>
Package pdftex.def Info: figure/GD_WF_ball4.pdf used on input line 1019.
(pdftex.def)             Requested size: 134.56541pt x 127.61961pt.
 [55

 <./figure/GD_WF_ball4.pdf>]
File: figure/shade.png Graphic file (type png)

<use figure/shade.png>
Package pdftex.def Info: figure/shade.png used on input line 1019.
(pdftex.def)             Requested size: 12.81364pt x 12.81357pt.
File: figure/circle3.png Graphic file (type png)
 <use figure/circle3.png>
Package pdftex.def Info: figure/circle3.png used on input line 1019.
(pdftex.def)             Requested size: 109.57582pt x 109.36662pt.

<figure/GD_WF_ball3.pdf, id=3507, 272.01625pt x 257.96375pt>
File: figure/GD_WF_ball3.pdf Graphic file (type pdf)

<use figure/GD_WF_ball3.pdf>
Package pdftex.def Info: figure/GD_WF_ball3.pdf used on input line 1019.
(pdftex.def)             Requested size: 134.56541pt x 127.61961pt.
 [56

 <./figure/GD_WF_ball3.pdf>]
File: figure/shade.png Graphic file (type png)

<use figure/shade.png>
Package pdftex.def Info: figure/shade.png used on input line 1019.
(pdftex.def)             Requested size: 12.81364pt x 12.81357pt.
File: figure/circle3.png Graphic file (type png)
 <use figure/circle3.png>
Package pdftex.def Info: figure/circle3.png used on input line 1019.
(pdftex.def)             Requested size: 109.57582pt x 109.36662pt.

<figure/GD_WF_ball2.pdf, id=3541, 272.01625pt x 257.96375pt>
File: figure/GD_WF_ball2.pdf Graphic file (type pdf)

<use figure/GD_WF_ball2.pdf>
Package pdftex.def Info: figure/GD_WF_ball2.pdf used on input line 1019.
(pdftex.def)             Requested size: 134.56541pt x 127.61961pt.
 [57

 <./figure/GD_WF_ball2.pdf>]
File: figure/shade.png Graphic file (type png)

<use figure/shade.png>
Package pdftex.def Info: figure/shade.png used on input line 1019.
(pdftex.def)             Requested size: 12.81364pt x 12.81357pt.
File: figure/circle3.png Graphic file (type png)
 <use figure/circle3.png>
Package pdftex.def Info: figure/circle3.png used on input line 1019.
(pdftex.def)             Requested size: 109.57582pt x 109.36662pt.

<figure/GD_WF_ball1.pdf, id=3575, 273.02pt x 257.96375pt>
File: figure/GD_WF_ball1.pdf Graphic file (type pdf)

<use figure/GD_WF_ball1.pdf>
Package pdftex.def Info: figure/GD_WF_ball1.pdf used on input line 1019.
(pdftex.def)             Requested size: 134.56541pt x 127.14334pt.
 [58

 <./figure/GD_WF_ball1.pdf>]
File: figure/shade.png Graphic file (type png)

<use figure/shade.png>
Package pdftex.def Info: figure/shade.png used on input line 1019.
(pdftex.def)             Requested size: 12.81364pt x 12.81357pt.
File: figure/circle3.png Graphic file (type png)
 <use figure/circle3.png>
Package pdftex.def Info: figure/circle3.png used on input line 1019.
(pdftex.def)             Requested size: 109.57582pt x 109.36662pt.
File: figure/GD_WF_ball1.pdf Graphic file (type pdf)
 <use figure/GD_WF_ball1.pdf>
Package pdftex.def Info: figure/GD_WF_ball1.pdf used on input line 1019.
(pdftex.def)             Requested size: 134.56541pt x 127.14334pt.

[59

]
File: figure/shade.png Graphic file (type png)
 <use figure/shade.png>
Package pdftex.def Info: figure/shade.png used on input line 1067.
(pdftex.def)             Requested size: 12.81364pt x 12.81357pt.

<figure/GD_WF_ball4_good.pdf, id=3615, 272.01625pt x 257.96375pt>
File: figure/GD_WF_ball4_good.pdf Graphic file (type pdf)

<use figure/GD_WF_ball4_good.pdf>
Package pdftex.def Info: figure/GD_WF_ball4_good.pdf used on input line 1067.
(pdftex.def)             Requested size: 134.56541pt x 127.61961pt.
 [60

 <./figure/GD_WF_ball4_good.pdf>]
File: figure/shade.png Graphic file (type png)

<use figure/shade.png>
Package pdftex.def Info: figure/shade.png used on input line 1067.
(pdftex.def)             Requested size: 12.81364pt x 12.81357pt.

<figure/GD_WF_ball3_good.pdf, id=3649, 272.01625pt x 257.96375pt>
File: figure/GD_WF_ball3_good.pdf Graphic file (type pdf)

<use figure/GD_WF_ball3_good.pdf>
Package pdftex.def Info: figure/GD_WF_ball3_good.pdf used on input line 1067.
(pdftex.def)             Requested size: 134.56541pt x 127.61961pt.
 [61

 <./figure/GD_WF_ball3_good.pdf>]
File: figure/shade.png Graphic file (type png)

<use figure/shade.png>
Package pdftex.def Info: figure/shade.png used on input line 1067.
(pdftex.def)             Requested size: 12.81364pt x 12.81357pt.

<figure/GD_WF_ball2_good.pdf, id=3684, 272.01625pt x 257.96375pt>
File: figure/GD_WF_ball2_good.pdf Graphic file (type pdf)

<use figure/GD_WF_ball2_good.pdf>
Package pdftex.def Info: figure/GD_WF_ball2_good.pdf used on input line 1067.
(pdftex.def)             Requested size: 134.56541pt x 127.61961pt.
 [62

 <./figure/GD_WF_ball2_good.pdf>]
File: figure/shade.png Graphic file (type png)

<use figure/shade.png>
Package pdftex.def Info: figure/shade.png used on input line 1067.
(pdftex.def)             Requested size: 12.81364pt x 12.81357pt.

<figure/GD_WF_ball1_good.pdf, id=3718, 272.01625pt x 257.96375pt>
File: figure/GD_WF_ball1_good.pdf Graphic file (type pdf)

<use figure/GD_WF_ball1_good.pdf>
Package pdftex.def Info: figure/GD_WF_ball1_good.pdf used on input line 1067.
(pdftex.def)             Requested size: 134.56541pt x 127.61961pt.
 [63

 <./figure/GD_WF_ball1_good.pdf>]
File: figure/shade.png Graphic file (type png)

<use figure/shade.png>
Package pdftex.def Info: figure/shade.png used on input line 1067.
(pdftex.def)             Requested size: 12.81364pt x 12.81357pt.
File: figure/GD_WF_ball1_good.pdf Graphic file (type pdf)
 <use figure/GD_WF_ball1_good.pdf>
Package pdftex.def Info: figure/GD_WF_ball1_good.pdf used on input line 1067.
(pdftex.def)             Requested size: 134.56541pt x 127.61961pt.
 [64

] [65

] [66

]
[67

] [68

] <figure/pr_leave_one_out.pdf, id=3786, 855.195pt x 356.33125pt>
File: figure/pr_leave_one_out.pdf Graphic file (type pdf)

<use figure/pr_leave_one_out.pdf>
Package pdftex.def Info: figure/pr_leave_one_out.pdf used on input line 1122.
(pdftex.def)             Requested size: 272.3379pt x 113.47372pt.
 [69

 <./figure/pr_leave_one_out.pdf>]
<figure/LOO_sequence.pdf, id=3847, 338.26375pt x 251.94125pt>
File: figure/LOO_sequence.pdf Graphic file (type pdf)

<use figure/LOO_sequence.pdf>
Package pdftex.def Info: figure/LOO_sequence.pdf used on input line 1145.
(pdftex.def)             Requested size: 144.17688pt x 107.38692pt.
 [70

 <./figure/LOO_sequence.pdf>]
<figure/LOO_original_sequence.pdf, id=3953, 338.26375pt x 251.94125pt>
File: figure/LOO_original_sequence.pdf Graphic file (type pdf)

<use figure/LOO_original_sequence.pdf>
Package pdftex.def Info: figure/LOO_original_sequence.pdf used on input line 11
45.
(pdftex.def)             Requested size: 144.17688pt x 107.38692pt.
 [71

 <./figure/LOO_original_sequence.pdf>]
File: figure/LOO_original_sequence.pdf Graphic file (type pdf)
 <use figure/LOO_original_sequence.pdf>
Package pdftex.def Info: figure/LOO_original_sequence.pdf used on input line 11
45.
(pdftex.def)             Requested size: 144.17688pt x 107.38692pt.
 [72

] Excluding 'comment' comment.
LaTeX Font Info:    Font shape `OT1/lmss/m/it' in size <14.4> not available
(Font)              Font shape `OT1/lmss/m/sl' tried instead on input line 1269
.

[73

]

pdfTeX warning: /Library/TeX/texbin/pdflatex (file ./figure/NetflixMahdi.pdf): 
PDF inclusion: found PDF version <1.5>, but at most version <1.4> allowed
<figure/NetflixMahdi.pdf, id=4122, 1580.90625pt x 1284.29813pt>
File: figure/NetflixMahdi.pdf Graphic file (type pdf)

<use figure/NetflixMahdi.pdf>
Package pdftex.def Info: figure/NetflixMahdi.pdf used on input line 1313.
(pdftex.def)             Requested size: 144.17686pt x 117.11038pt.
 [74

 <./figure/NetflixMahdi.pdf>] [75

] [76

]
[77

] [78

]
LaTeX Font Info:    Font shape `OT1/lmss/bx/it' in size <10.95> not available
(Font)              Font shape `OT1/lmss/bx/sl' tried instead on input line 137
0.
 [79

] [80

] [81

] Excluding 'comment' comment.
<figure/image_deblurring.jpg, id=4190, 1642.135pt x 957.5775pt>
File: figure/image_deblurring.jpg Graphic file (type jpg)

<use figure/image_deblurring.jpg>
Package pdftex.def Info: figure/image_deblurring.jpg used on input line 1423.
(pdftex.def)             Requested size: 173.014pt x 100.87735pt.

<figure/multipath.jpg, id=4191, 1174.3875pt x 923.45pt>
File: figure/multipath.jpg Graphic file (type jpg)

<use figure/multipath.jpg>
Package pdftex.def Info: figure/multipath.jpg used on input line 1423.
(pdftex.def)             Requested size: 100.92557pt x 79.35878pt.
 [82

 <./figure/image_deblurring.jpg> <./figure/multipath.jpg>] [83

] [84

] [85

] [86

]
<figure/GD_converge_2D.pdf, id=4223, 230.41284pt x 226.8785pt>
File: figure/GD_converge_2D.pdf Graphic file (type pdf)

<use figure/GD_converge_2D.pdf>
Package pdftex.def Info: figure/GD_converge_2D.pdf used on input line 1489.
(pdftex.def)             Requested size: 128.15614pt x 126.19254pt.

<figure/GD_converge_highD.pdf, id=4224, 244.44168pt x 229.19316pt>
File: figure/GD_converge_highD.pdf Graphic file (type pdf)

<use figure/GD_converge_highD.pdf>
Package pdftex.def Info: figure/GD_converge_highD.pdf used on input line 1489.
(pdftex.def)             Requested size: 128.15614pt x 120.16032pt.

Overfull \hbox (19.21945pt too wide) in paragraph at lines 1489--1489
 [] 
 []

[87

 <./figure/GD_converge_2D.pdf> <./figure/GD_converge_highD.pdf>]
<figure/path_fresh.pdf, id=4292, 660.4675pt x 202.7575pt>
File: figure/path_fresh.pdf Graphic file (type pdf)

<use figure/path_fresh.pdf>
Package pdftex.def Info: figure/path_fresh.pdf used on input line 1513.
(pdftex.def)             Requested size: 208.25494pt x 63.93082pt.

<figure/path_dependent.pdf, id=4293, 658.46pt x 203.76125pt>
File: figure/path_dependent.pdf Graphic file (type pdf)

<use figure/path_dependent.pdf>
Package pdftex.def Info: figure/path_dependent.pdf used on input line 1513.
(pdftex.def)             Requested size: 208.25494pt x 64.44318pt.
 [88

 <./figure/path_fresh.pdf> <./figure/path_dependent.pdf>]
File: figure/path_fresh.pdf Graphic file (type pdf)
 <use figure/path_fresh.pdf>
Package pdftex.def Info: figure/path_fresh.pdf used on input line 1513.
(pdftex.def)             Requested size: 208.25494pt x 63.93082pt.
File: figure/path_dependent.pdf Graphic file (type pdf)
 <use figure/path_dependent.pdf>
Package pdftex.def Info: figure/path_dependent.pdf used on input line 1513.
(pdftex.def)             Requested size: 208.25494pt x 64.44318pt.

[89

] [90

] [91

]
\tf@nav=\write7
\openout7 = `implicit_reg_slides.nav'.

\tf@toc=\write8
\openout8 = `implicit_reg_slides.toc'.

\tf@snm=\write9
\openout9 = `implicit_reg_slides.snm'.

Package atveryend Info: Empty hook `BeforeClearDocument' on input line 1541.
Package atveryend Info: Empty hook `AfterLastShipout' on input line 1541.
 (./implicit_reg_slides.aux)
Package atveryend Info: Executing hook `AtVeryEndDocument' on input line 1541.
Package atveryend Info: Executing hook `AtEndAfterFileList' on input line 1541.

Package rerunfilecheck Info: File `implicit_reg_slides.out' has not changed.
(rerunfilecheck)             Checksum: D41D8CD98F00B204E9800998ECF8427E;0.
 ) 
Here is how much of TeX's memory you used:
 33264 strings out of 492995
 790399 string characters out of 6132704
 1005930 words of memory out of 5000000
 35893 multiletter control sequences out of 15000+600000
 91764 words of font info for 106 fonts, out of 8000000 for 9000
 1141 hyphenation exceptions out of 8191
 64i,22n,96p,785b,686s stack positions out of 5000i,500n,10000p,200000b,80000s
{/usr/local/texlive/2017/texmf-dist/fonts/enc/dvips/lm/lm-rm.enc}{/usr/local/
texlive/2017/texmf-dist/fonts/enc/dvips/lm/lm-mathit.enc}{/usr/local/texlive/20
17/texmf-dist/fonts/enc/dvips/lm/lm-mathsy.enc}{/usr/local/texlive/2017/texmf-d
ist/fonts/enc/dvips/lm/lm-mathex.enc}</usr/local/texlive/2017/texmf-dist/fonts/
type1/public/amsfonts/cm/cmbx10.pfb></usr/local/texlive/2017/texmf-dist/fonts/t
ype1/public/amsfonts/cm/cmex10.pfb></usr/local/texlive/2017/texmf-dist/fonts/ty
pe1/public/amsfonts/cm/cmmi10.pfb></usr/local/texlive/2017/texmf-dist/fonts/typ
e1/public/amsfonts/cm/cmmi7.pfb></usr/local/texlive/2017/texmf-dist/fonts/type1
/public/amsfonts/cm/cmmib10.pfb></usr/local/texlive/2017/texmf-dist/fonts/type1
/public/amsfonts/cmextra/cmmib7.pfb></usr/local/texlive/2017/texmf-dist/fonts/t
ype1/public/amsfonts/cmextra/cmmib8.pfb></usr/local/texlive/2017/texmf-dist/fon
ts/type1/public/amsfonts/cm/cmr10.pfb></usr/local/texlive/2017/texmf-dist/fonts
/type1/public/amsfonts/cm/cmr7.pfb></usr/local/texlive/2017/texmf-dist/fonts/ty
pe1/public/amsfonts/cm/cmsy10.pfb></usr/local/texlive/2017/texmf-dist/fonts/typ
e1/public/amsfonts/cm/cmsy7.pfb></usr/local/texlive/2017/texmf-dist/fonts/type1
/public/lm/lmex10.pfb></usr/local/texlive/2017/texmf-dist/fonts/type1/public/lm
/lmmi10.pfb></usr/local/texlive/2017/texmf-dist/fonts/type1/public/lm/lmmi12.pf
b></usr/local/texlive/2017/texmf-dist/fonts/type1/public/lm/lmmi7.pfb></usr/loc
al/texlive/2017/texmf-dist/fonts/type1/public/lm/lmmi8.pfb></usr/local/texlive/
2017/texmf-dist/fonts/type1/public/lm/lmr10.pfb></usr/local/texlive/2017/texmf-
dist/fonts/type1/public/lm/lmr12.pfb></usr/local/texlive/2017/texmf-dist/fonts/
type1/public/lm/lmr5.pfb></usr/local/texlive/2017/texmf-dist/fonts/type1/public
/lm/lmr7.pfb></usr/local/texlive/2017/texmf-dist/fonts/type1/public/lm/lmr8.pfb
></usr/local/texlive/2017/texmf-dist/fonts/type1/public/lm/lmss10.pfb></usr/loc
al/texlive/2017/texmf-dist/fonts/type1/public/lm/lmss12.pfb></usr/local/texlive
/2017/texmf-dist/fonts/type1/public/lm/lmss8.pfb></usr/local/texlive/2017/texmf
-dist/fonts/type1/public/lm/lmss9.pfb></usr/local/texlive/2017/texmf-dist/fonts
/type1/public/lm/lmssbo10.pfb></usr/local/texlive/2017/texmf-dist/fonts/type1/p
ublic/lm/lmssbx10.pfb></usr/local/texlive/2017/texmf-dist/fonts/type1/public/lm
/lmsso10.pfb></usr/local/texlive/2017/texmf-dist/fonts/type1/public/lm/lmsso12.
pfb></usr/local/texlive/2017/texmf-dist/fonts/type1/public/lm/lmsso8.pfb></usr/
local/texlive/2017/texmf-dist/fonts/type1/public/lm/lmsso9.pfb></usr/local/texl
ive/2017/texmf-dist/fonts/type1/public/lm/lmsy10.pfb></usr/local/texlive/2017/t
exmf-dist/fonts/type1/public/lm/lmsy7.pfb></usr/local/texlive/2017/texmf-dist/f
onts/type1/public/lm/lmsy8.pfb></usr/local/texlive/2017/texmf-dist/fonts/type1/
public/amsfonts/symbols/msam10.pfb></usr/local/texlive/2017/texmf-dist/fonts/ty
pe1/public/amsfonts/symbols/msbm10.pfb></usr/local/texlive/2017/texmf-dist/font
s/type1/public/cm-super/sfrm1000.pfb></usr/local/texlive/2017/texmf-dist/fonts/
type1/public/cm-super/sfti1000.pfb>
Output written on implicit_reg_slides.pdf (91 pages, 13492342 bytes).
PDF statistics:
 4683 PDF objects out of 5155 (max. 8388607)
 183 named destinations out of 1000 (max. 500000)
 327 words of extra memory for PDF output out of 10000 (max. 10000000)

